#
# There is insufficient memory for the Java Runtime Environment to continue.
# Native memory allocation (malloc) failed to allocate 2160768 bytes. Error detail: Chunk::new
# Possible reasons:
#   The system is out of physical RAM or swap space
#   This process is running with CompressedOops enabled, and the Java Heap may be blocking the growth of the native heap
# Possible solutions:
#   Reduce memory load on the system
#   Increase physical memory or swap space
#   Check if swap backing store is full
#   Decrease Java heap size (-Xmx/-Xms)
#   Decrease number of Java threads
#   Decrease Java thread stack sizes (-Xss)
#   Set larger code cache with -XX:ReservedCodeCacheSize=
#   JVM is running with Zero Based Compressed Oops mode in which the Java heap is
#     placed in the first 32GB address space. The Java Heap base address is the
#     maximum limit for the native heap growth. Please use -XX:HeapBaseMinAddress
#     to set the Java Heap base and to place the Java Heap above 32GB virtual address.
# This output file may be truncated or incomplete.
#
#  Out of Memory Error (arena.cpp:191), pid=32100, tid=14796
#
# JRE version: OpenJDK Runtime Environment Temurin-17.0.13+11 (17.0.13+11) (build 17.0.13+11)
# Java VM: OpenJDK 64-Bit Server VM Temurin-17.0.13+11 (17.0.13+11, mixed mode, sharing, tiered, compressed oops, compressed class ptrs, g1 gc, windows-amd64)
# No core dump will be written. Minidumps are not enabled by default on client versions of Windows
#

---------------  S U M M A R Y ------------

Command Line: -XX:MaxMetaspaceSize=2G -XX:+HeapDumpOnOutOfMemoryError --add-opens=java.base/java.util=ALL-UNNAMED --add-opens=java.base/java.lang=ALL-UNNAMED --add-opens=java.base/java.lang.invoke=ALL-UNNAMED --add-opens=java.prefs/java.util.prefs=ALL-UNNAMED --add-exports=jdk.compiler/com.sun.tools.javac.api=ALL-UNNAMED --add-exports=jdk.compiler/com.sun.tools.javac.util=ALL-UNNAMED --add-opens=java.base/java.nio.charset=ALL-UNNAMED --add-opens=java.base/java.net=ALL-UNNAMED --add-opens=java.base/java.util.concurrent.atomic=ALL-UNNAMED -Xmx4G -Dfile.encoding=utf8 -Duser.country=IN -Duser.language=en -Duser.variant -javaagent:C:\Users\rishi\.gradle\wrapper\dists\gradle-8.10.2-all\7iv73wktx1xtkvlq19urqw1wm\gradle-8.10.2\lib\agents\gradle-instrumentation-agent-8.10.2.jar org.gradle.launcher.daemon.bootstrap.GradleDaemon 8.10.2

Host: AMD Ryzen 5 5600H with Radeon Graphics         , 12 cores, 7G,  Windows 10 , 64 bit Build 19041 (10.0.19041.5198)
Time: Sun Jan 12 18:23:31 2025 India Standard Time elapsed time: 41.916987 seconds (0d 0h 0m 41s)

---------------  T H R E A D  ---------------

Current thread (0x0000014ab53c2a20):  JavaThread "C2 CompilerThread0" daemon [_thread_in_native, id=14796, stack(0x00000021c0e00000,0x00000021c0f00000)]


Current CompileTask:
C2:  41917 12407       4       java.beans.Introspector::addMethod (196 bytes)

Stack: [0x00000021c0e00000,0x00000021c0f00000]
Native frames: (J=compiled Java code, j=interpreted, Vv=VM code, C=native code)
V  [jvm.dll+0x682a19]
V  [jvm.dll+0x839538]
V  [jvm.dll+0x83afe3]
V  [jvm.dll+0x83b653]
V  [jvm.dll+0x24704f]
V  [jvm.dll+0xace34]
V  [jvm.dll+0xad4cc]
V  [jvm.dll+0x36597e]
V  [jvm.dll+0x32fbd8]
V  [jvm.dll+0x32f05a]
V  [jvm.dll+0x21804f]
V  [jvm.dll+0x21748f]
V  [jvm.dll+0x1a3070]
V  [jvm.dll+0x22788c]
V  [jvm.dll+0x2259eb]
V  [jvm.dll+0x7eec98]
V  [jvm.dll+0x7e8ffc]
V  [jvm.dll+0x6818f7]
C  [ucrtbase.dll+0x21bb2]
C  [KERNEL32.DLL+0x17374]
C  [ntdll.dll+0x4cc91]


---------------  P R O C E S S  ---------------

Threads class SMR info:
_java_thread_list=0x0000014a81b70dd0, length=171, elements={
0x0000014a90692040, 0x0000014ab53a71e0, 0x0000014ab53a8d80, 0x0000014ab53bdf20,
0x0000014ab53be7f0, 0x0000014ab53bf0c0, 0x0000014ab53bf990, 0x0000014ab53c2a20,
0x0000014ab53c2ff0, 0x0000014ab53c40e0, 0x0000014ab538fb90, 0x0000014afb19e810,
0x0000014afca2ecf0, 0x0000014afc97b890, 0x0000014afca53640, 0x0000014afc4c14a0,
0x0000014afbe2a650, 0x0000014afcbfaf90, 0x0000014afcbfa060, 0x0000014afcbfc3d0,
0x0000014afcbfc8e0, 0x0000014afcbfaa80, 0x0000014afcbfa570, 0x0000014afcbfb4a0,
0x0000014afcbfb9b0, 0x0000014afcbfcdf0, 0x0000014afcbfd810, 0x0000014afcbfbec0,
0x0000014afcbfd300, 0x0000014afe733110, 0x0000014afe734a60, 0x0000014afe7312b0,
0x0000014afe734550, 0x0000014afe7326f0, 0x0000014afe733620, 0x0000014afe733b30,
0x0000014afe7317c0, 0x0000014afe734040, 0x0000014afe731cd0, 0x0000014afd2c1600,
0x0000014afd2c3460, 0x0000014afd2c2f50, 0x0000014afd2c3970, 0x0000014afd2c2a40,
0x0000014afd2c1b10, 0x0000014afd2c06d0, 0x0000014afd2c10f0, 0x0000014afd2c0be0,
0x0000014afd2c2020, 0x0000014afd2c2530, 0x0000014afb4cc220, 0x0000014afb4cb800,
0x0000014afb4c99a0, 0x0000014afb4ca3c0, 0x0000014afb4c9eb0, 0x0000014afb4d0e10,
0x0000014afb4cade0, 0x0000014afb4cb2f0, 0x0000014afb4d1320, 0x0000014afb4cdb70,
0x0000014afb4ccc40, 0x0000014afb4cc730, 0x0000014afb4ca8d0, 0x0000014afb4cbd10,
0x0000014afb4cd150, 0x0000014afb4d03f0, 0x0000014afb4ceaa0, 0x0000014afb4cd660,
0x0000014afb4ce080, 0x0000014afb4ce590, 0x0000014afb4cefb0, 0x0000014afb4cf4c0,
0x0000014afb4cf9d0, 0x0000014afb4d0900, 0x0000014afb4cfee0, 0x0000014afbf5f4d0,
0x0000014afbf60400, 0x0000014afbf5b300, 0x0000014afbf5c740, 0x0000014afbf5efc0,
0x0000014afbf60910, 0x0000014afbf5f9e0, 0x0000014afbf5fef0, 0x0000014afbf5adf0,
0x0000014afbf5c230, 0x0000014afbf5d160, 0x0000014afbf594a0, 0x0000014afbf60e20,
0x0000014afbf5cc50, 0x0000014afbf5d670, 0x0000014afbf599b0, 0x0000014afbf5eab0,
0x0000014afbf59ec0, 0x0000014afbf5a3d0, 0x0000014afbf5a8e0, 0x0000014afbf5db80,
0x0000014afbf5b810, 0x0000014afbf5bd20, 0x0000014afbf5e090, 0x0000014afbf5e5a0,
0x0000014afedd0a80, 0x0000014afedd3d20, 0x0000014afedd0f90, 0x0000014afedd4230,
0x0000014afedd65a0, 0x0000014afedd28e0, 0x0000014afedd14a0, 0x0000014afedd6fc0,
0x0000014afedd0570, 0x0000014afedd4740, 0x0000014afedd2df0, 0x0000014afedd5b80,
0x0000014afedd19b0, 0x0000014afedd6ab0, 0x0000014afedd3300, 0x0000014afedd4c50,
0x0000014afedd74d0, 0x0000014afedd6090, 0x0000014afedd1ec0, 0x0000014afedd3810,
0x0000014afedd0060, 0x0000014afedd79e0, 0x0000014afedd23d0, 0x0000014afedd5160,
0x0000014afedd5670, 0x0000014afc1b8170, 0x0000014afc1b6d30, 0x0000014afc1b58f0,
0x0000014afc1b7750, 0x0000014afc1b4ed0, 0x0000014afc1b6820, 0x0000014afc1b7240,
0x0000014afc1b5e00, 0x0000014afc1b7c60, 0x0000014afc1b8680, 0x0000014afc1b53e0,
0x0000014afc1b6310, 0x0000014a811407d0, 0x0000014a8113e970, 0x0000014a8113f390,
0x0000014a81143a70, 0x0000014a811453c0, 0x0000014a8113f8a0, 0x0000014a8113fdb0,
0x0000014a8113e460, 0x0000014a81142b40, 0x0000014a81142120, 0x0000014a81141700,
0x0000014a811411f0, 0x0000014a8113ee80, 0x0000014a81144490, 0x0000014a811449a0,
0x0000014a81142630, 0x0000014a81144eb0, 0x0000014a81143050, 0x0000014a8113df50,
0x0000014a811458d0, 0x0000014a81bf9590, 0x0000014a81bfc320, 0x0000014a81bfb3f0,
0x0000014a81bfcd40, 0x0000014a81bfc830, 0x0000014a81bfaee0, 0x0000014a81bfe690,
0x0000014a81bfe180, 0x0000014a81bfdc70, 0x0000014a81bfd250, 0x0000014a81bfb900,
0x0000014a81bf9aa0, 0x0000014a81bfa4c0, 0x0000014a81bf9fb0
}

Java Threads: ( => current thread )
  0x0000014a90692040 JavaThread "main" [_thread_blocked, id=29504, stack(0x00000021c0100000,0x00000021c0200000)]
  0x0000014ab53a71e0 JavaThread "Reference Handler" daemon [_thread_blocked, id=8704, stack(0x00000021c0800000,0x00000021c0900000)]
  0x0000014ab53a8d80 JavaThread "Finalizer" daemon [_thread_blocked, id=29928, stack(0x00000021c0900000,0x00000021c0a00000)]
  0x0000014ab53bdf20 JavaThread "Signal Dispatcher" daemon [_thread_blocked, id=32108, stack(0x00000021c0a00000,0x00000021c0b00000)]
  0x0000014ab53be7f0 JavaThread "Attach Listener" daemon [_thread_blocked, id=20376, stack(0x00000021c0b00000,0x00000021c0c00000)]
  0x0000014ab53bf0c0 JavaThread "Service Thread" daemon [_thread_blocked, id=31692, stack(0x00000021c0c00000,0x00000021c0d00000)]
  0x0000014ab53bf990 JavaThread "Monitor Deflation Thread" daemon [_thread_blocked, id=22344, stack(0x00000021c0d00000,0x00000021c0e00000)]
=>0x0000014ab53c2a20 JavaThread "C2 CompilerThread0" daemon [_thread_in_native, id=14796, stack(0x00000021c0e00000,0x00000021c0f00000)]
  0x0000014ab53c2ff0 JavaThread "C1 CompilerThread0" daemon [_thread_blocked, id=26740, stack(0x00000021c0f00000,0x00000021c1000000)]
  0x0000014ab53c40e0 JavaThread "Sweeper thread" daemon [_thread_blocked, id=29428, stack(0x00000021c1000000,0x00000021c1100000)]
  0x0000014ab538fb90 JavaThread "Common-Cleaner" daemon [_thread_blocked, id=29360, stack(0x00000021c1100000,0x00000021c1200000)]
  0x0000014afb19e810 JavaThread "Notification Thread" daemon [_thread_blocked, id=28800, stack(0x00000021c1200000,0x00000021c1300000)]
  0x0000014afca2ecf0 JavaThread "Daemon health stats" [_thread_blocked, id=26636, stack(0x00000021c1800000,0x00000021c1900000)]
  0x0000014afc97b890 JavaThread "Incoming local TCP Connector on port 55408" [_thread_in_native, id=28588, stack(0x00000021c1900000,0x00000021c1a00000)]
  0x0000014afca53640 JavaThread "Daemon periodic checks" [_thread_blocked, id=29288, stack(0x00000021c1a00000,0x00000021c1b00000)]
  0x0000014afc4c14a0 JavaThread "Daemon" [_thread_blocked, id=23060, stack(0x00000021c1b00000,0x00000021c1c00000)]
  0x0000014afbe2a650 JavaThread "Handler for socket connection from /127.0.0.1:55408 to /127.0.0.1:55409" [_thread_in_native, id=32216, stack(0x00000021c1c00000,0x00000021c1d00000)]
  0x0000014afcbfaf90 JavaThread "Cancel handler" [_thread_blocked, id=14900, stack(0x00000021c1d00000,0x00000021c1e00000)]
  0x0000014afcbfa060 JavaThread "Daemon worker" [_thread_in_vm, id=23764, stack(0x00000021c1e00000,0x00000021c1f00000)]
  0x0000014afcbfc3d0 JavaThread "Asynchronous log dispatcher for DefaultDaemonConnection: socket connection from /127.0.0.1:55408 to /127.0.0.1:55409" [_thread_blocked, id=16620, stack(0x00000021c1f00000,0x00000021c2000000)]
  0x0000014afcbfc8e0 JavaThread "Stdin handler" [_thread_blocked, id=31112, stack(0x00000021c2000000,0x00000021c2100000)]
  0x0000014afcbfaa80 JavaThread "Daemon client event forwarder" [_thread_blocked, id=20408, stack(0x00000021c2100000,0x00000021c2200000)]
  0x0000014afcbfa570 JavaThread "Cache worker for journal cache (C:\Users\rishi\.gradle\caches\journal-1)" [_thread_blocked, id=12672, stack(0x00000021c2200000,0x00000021c2300000)]
  0x0000014afcbfb4a0 JavaThread "File lock request listener" [_thread_in_native, id=26960, stack(0x00000021c2300000,0x00000021c2400000)]
  0x0000014afcbfb9b0 JavaThread "Cache worker for file hash cache (C:\Users\rishi\.gradle\caches\8.10.2\fileHashes)" [_thread_blocked, id=30760, stack(0x00000021c2400000,0x00000021c2500000)]
  0x0000014afcbfcdf0 JavaThread "File lock release action executor" [_thread_blocked, id=26400, stack(0x00000021c2500000,0x00000021c2600000)]
  0x0000014afcbfd810 JavaThread "Cache worker for file hash cache (C:\Users\rishi\OneDrive\Desktop\My Projects\Heart Rate Monitor\heart_rate_monitor_3\android\.gradle\8.10.2\fileHashes)" [_thread_blocked, id=2396, stack(0x00000021c2b00000,0x00000021c2c00000)]
  0x0000014afcbfbec0 JavaThread "Cache worker for Build Output Cleanup Cache (C:\Users\rishi\OneDrive\Desktop\My Projects\Heart Rate Monitor\heart_rate_monitor_3\android\.gradle\buildOutputCleanup)" [_thread_blocked, id=31640, stack(0x00000021c2c00000,0x00000021c2d00000)]
  0x0000014afcbfd300 JavaThread "File watcher server" daemon [_thread_in_native, id=25644, stack(0x00000021c2f00000,0x00000021c3000000)]
  0x0000014afe733110 JavaThread "File watcher consumer" daemon [_thread_blocked, id=25672, stack(0x00000021c3000000,0x00000021c3100000)]
  0x0000014afe734a60 JavaThread "jar transforms" [_thread_blocked, id=32696, stack(0x00000021c3100000,0x00000021c3200000)]
  0x0000014afe7312b0 JavaThread "jar transforms Thread 2" [_thread_blocked, id=28464, stack(0x00000021c3200000,0x00000021c3300000)]
  0x0000014afe734550 JavaThread "jar transforms Thread 3" [_thread_blocked, id=32720, stack(0x00000021c3300000,0x00000021c3400000)]
  0x0000014afe7326f0 JavaThread "Cache worker for checksums cache (C:\Users\rishi\OneDrive\Desktop\My Projects\Heart Rate Monitor\heart_rate_monitor_3\android\.gradle\8.10.2\checksums)" [_thread_blocked, id=27956, stack(0x00000021c3400000,0x00000021c3500000)]
  0x0000014afe733620 JavaThread "Cache worker for file content cache (C:\Users\rishi\.gradle\caches\8.10.2\fileContent)" [_thread_blocked, id=9588, stack(0x00000021c3500000,0x00000021c3600000)]
  0x0000014afe733b30 JavaThread "Cache worker for cache directory md-rule (C:\Users\rishi\.gradle\caches\8.10.2\md-rule)" [_thread_blocked, id=7580, stack(0x00000021c3600000,0x00000021c3700000)]
  0x0000014afe7317c0 JavaThread "Cache worker for cache directory md-supplier (C:\Users\rishi\.gradle\caches\8.10.2\md-supplier)" [_thread_blocked, id=10160, stack(0x00000021c3700000,0x00000021c3800000)]
  0x0000014afe734040 JavaThread "jar transforms Thread 4" [_thread_blocked, id=6900, stack(0x00000021c3800000,0x00000021c3900000)]
  0x0000014afe731cd0 JavaThread "jar transforms Thread 5" [_thread_blocked, id=26848, stack(0x00000021c3900000,0x00000021c3a00000)]
  0x0000014afd2c1600 JavaThread "jar transforms Thread 6" [_thread_blocked, id=29388, stack(0x00000021c3a00000,0x00000021c3b00000)]
  0x0000014afd2c3460 JavaThread "jar transforms Thread 7" [_thread_blocked, id=3452, stack(0x00000021c3b00000,0x00000021c3c00000)]
  0x0000014afd2c2f50 JavaThread "jar transforms Thread 8" [_thread_blocked, id=13168, stack(0x00000021c3c00000,0x00000021c3d00000)]
  0x0000014afd2c3970 JavaThread "jar transforms Thread 9" [_thread_blocked, id=284, stack(0x00000021c3d00000,0x00000021c3e00000)]
  0x0000014afd2c2a40 JavaThread "jar transforms Thread 10" [_thread_blocked, id=5436, stack(0x00000021c3e00000,0x00000021c3f00000)]
  0x0000014afd2c1b10 JavaThread "Cache worker for Build Output Cleanup Cache (C:\Users\rishi\Downloads\flutter_windows_3.27.1-stable\flutter\packages\flutter_tools\gradle\.gradle\buildOutputCleanup)" [_thread_blocked, id=10836, stack(0x00000021c3f00000,0x00000021c4000000)]
  0x0000014afd2c06d0 JavaThread "Memory manager" [_thread_blocked, id=27148, stack(0x00000021c4000000,0x00000021c4100000)]
  0x0000014afd2c10f0 JavaThread "included builds" [_thread_blocked, id=23096, stack(0x00000021c4100000,0x00000021c4200000)]
  0x0000014afd2c0be0 JavaThread "Execution worker" [_thread_blocked, id=21840, stack(0x00000021c4200000,0x00000021c4300000)]
  0x0000014afd2c2020 JavaThread "Execution worker Thread 2" [_thread_blocked, id=26136, stack(0x00000021c4300000,0x00000021c4400000)]
  0x0000014afd2c2530 JavaThread "Execution worker Thread 3" [_thread_blocked, id=12432, stack(0x00000021c4400000,0x00000021c4500000)]
  0x0000014afb4cc220 JavaThread "Execution worker Thread 4" [_thread_blocked, id=10480, stack(0x00000021c4500000,0x00000021c4600000)]
  0x0000014afb4cb800 JavaThread "Execution worker Thread 5" [_thread_blocked, id=19352, stack(0x00000021c4600000,0x00000021c4700000)]
  0x0000014afb4c99a0 JavaThread "Execution worker Thread 6" [_thread_blocked, id=21816, stack(0x00000021c4700000,0x00000021c4800000)]
  0x0000014afb4ca3c0 JavaThread "Execution worker Thread 7" [_thread_blocked, id=10924, stack(0x00000021c4800000,0x00000021c4900000)]
  0x0000014afb4c9eb0 JavaThread "Execution worker Thread 8" [_thread_blocked, id=7540, stack(0x00000021c4900000,0x00000021c4a00000)]
  0x0000014afb4d0e10 JavaThread "Execution worker Thread 9" [_thread_blocked, id=20236, stack(0x00000021c4a00000,0x00000021c4b00000)]
  0x0000014afb4cade0 JavaThread "Execution worker Thread 10" [_thread_blocked, id=3716, stack(0x00000021c4b00000,0x00000021c4c00000)]
  0x0000014afb4cb2f0 JavaThread "Execution worker Thread 11" [_thread_blocked, id=30072, stack(0x00000021c4c00000,0x00000021c4d00000)]
  0x0000014afb4d1320 JavaThread "Cache worker for execution history cache (C:\Users\rishi\Downloads\flutter_windows_3.27.1-stable\flutter\packages\flutter_tools\gradle\.gradle\8.10.2\executionHistory)" [_thread_blocked, id=29580, stack(0x00000021c4d00000,0x00000021c4e00000)]
  0x0000014afb4cdb70 JavaThread "Unconstrained build operations" [_thread_blocked, id=8728, stack(0x00000021c4e00000,0x00000021c4f00000)]
  0x0000014afb4ccc40 JavaThread "Unconstrained build operations Thread 2" [_thread_blocked, id=31784, stack(0x00000021c4f00000,0x00000021c5000000)]
  0x0000014afb4cc730 JavaThread "Unconstrained build operations Thread 3" [_thread_blocked, id=25512, stack(0x00000021c5000000,0x00000021c5100000)]
  0x0000014afb4ca8d0 JavaThread "Unconstrained build operations Thread 4" [_thread_blocked, id=15912, stack(0x00000021c5100000,0x00000021c5200000)]
  0x0000014afb4cbd10 JavaThread "Unconstrained build operations Thread 5" [_thread_blocked, id=30540, stack(0x00000021c5200000,0x00000021c5300000)]
  0x0000014afb4cd150 JavaThread "Unconstrained build operations Thread 6" [_thread_blocked, id=16936, stack(0x00000021c5300000,0x00000021c5400000)]
  0x0000014afb4d03f0 JavaThread "Unconstrained build operations Thread 7" [_thread_blocked, id=1092, stack(0x00000021c5400000,0x00000021c5500000)]
  0x0000014afb4ceaa0 JavaThread "Unconstrained build operations Thread 8" [_thread_blocked, id=24244, stack(0x00000021c5500000,0x00000021c5600000)]
  0x0000014afb4cd660 JavaThread "Unconstrained build operations Thread 9" [_thread_blocked, id=20952, stack(0x00000021c5600000,0x00000021c5700000)]
  0x0000014afb4ce080 JavaThread "Unconstrained build operations Thread 10" [_thread_blocked, id=26832, stack(0x00000021c5700000,0x00000021c5800000)]
  0x0000014afb4ce590 JavaThread "Unconstrained build operations Thread 11" [_thread_blocked, id=30012, stack(0x00000021c5800000,0x00000021c5900000)]
  0x0000014afb4cefb0 JavaThread "Unconstrained build operations Thread 12" [_thread_blocked, id=12496, stack(0x00000021c5900000,0x00000021c5a00000)]
  0x0000014afb4cf4c0 JavaThread "Unconstrained build operations Thread 13" [_thread_blocked, id=30020, stack(0x00000021c5a00000,0x00000021c5b00000)]
  0x0000014afb4cf9d0 JavaThread "Unconstrained build operations Thread 14" [_thread_blocked, id=30900, stack(0x00000021c5b00000,0x00000021c5c00000)]
  0x0000014afb4d0900 JavaThread "Unconstrained build operations Thread 15" [_thread_blocked, id=26872, stack(0x00000021c5c00000,0x00000021c5d00000)]
  0x0000014afb4cfee0 JavaThread "Unconstrained build operations Thread 16" [_thread_blocked, id=18916, stack(0x00000021c5d00000,0x00000021c5e00000)]
  0x0000014afbf5f4d0 JavaThread "Unconstrained build operations Thread 17" [_thread_blocked, id=9060, stack(0x00000021c5e00000,0x00000021c5f00000)]
  0x0000014afbf60400 JavaThread "Unconstrained build operations Thread 18" [_thread_blocked, id=31968, stack(0x00000021c5f00000,0x00000021c6000000)]
  0x0000014afbf5b300 JavaThread "Unconstrained build operations Thread 19" [_thread_blocked, id=16112, stack(0x00000021c6000000,0x00000021c6100000)]
  0x0000014afbf5c740 JavaThread "Unconstrained build operations Thread 20" [_thread_blocked, id=13944, stack(0x00000021c6100000,0x00000021c6200000)]
  0x0000014afbf5efc0 JavaThread "Unconstrained build operations Thread 21" [_thread_blocked, id=24284, stack(0x00000021c6200000,0x00000021c6300000)]
  0x0000014afbf60910 JavaThread "Unconstrained build operations Thread 22" [_thread_blocked, id=31832, stack(0x00000021c6300000,0x00000021c6400000)]
  0x0000014afbf5f9e0 JavaThread "Unconstrained build operations Thread 23" [_thread_blocked, id=27500, stack(0x00000021c6400000,0x00000021c6500000)]
  0x0000014afbf5fef0 JavaThread "Unconstrained build operations Thread 24" [_thread_blocked, id=7644, stack(0x00000021c6500000,0x00000021c6600000)]
  0x0000014afbf5adf0 JavaThread "Unconstrained build operations Thread 25" [_thread_blocked, id=30576, stack(0x00000021c6600000,0x00000021c6700000)]
  0x0000014afbf5c230 JavaThread "Unconstrained build operations Thread 26" [_thread_blocked, id=26520, stack(0x00000021c6700000,0x00000021c6800000)]
  0x0000014afbf5d160 JavaThread "Unconstrained build operations Thread 27" [_thread_blocked, id=27188, stack(0x00000021c6800000,0x00000021c6900000)]
  0x0000014afbf594a0 JavaThread "Unconstrained build operations Thread 28" [_thread_blocked, id=27900, stack(0x00000021c6900000,0x00000021c6a00000)]
  0x0000014afbf60e20 JavaThread "Unconstrained build operations Thread 29" [_thread_blocked, id=30756, stack(0x00000021c6a00000,0x00000021c6b00000)]
  0x0000014afbf5cc50 JavaThread "Unconstrained build operations Thread 30" [_thread_blocked, id=16996, stack(0x00000021c6b00000,0x00000021c6c00000)]
  0x0000014afbf5d670 JavaThread "Unconstrained build operations Thread 31" [_thread_blocked, id=8720, stack(0x00000021c6c00000,0x00000021c6d00000)]
  0x0000014afbf599b0 JavaThread "Unconstrained build operations Thread 32" [_thread_blocked, id=15428, stack(0x00000021c6d00000,0x00000021c6e00000)]
  0x0000014afbf5eab0 JavaThread "Unconstrained build operations Thread 33" [_thread_blocked, id=26256, stack(0x00000021c6e00000,0x00000021c6f00000)]
  0x0000014afbf59ec0 JavaThread "Unconstrained build operations Thread 34" [_thread_blocked, id=32532, stack(0x00000021c6f00000,0x00000021c7000000)]
  0x0000014afbf5a3d0 JavaThread "Unconstrained build operations Thread 35" [_thread_blocked, id=22708, stack(0x00000021c7000000,0x00000021c7100000)]
  0x0000014afbf5a8e0 JavaThread "Unconstrained build operations Thread 36" [_thread_blocked, id=25116, stack(0x00000021c7100000,0x00000021c7200000)]
  0x0000014afbf5db80 JavaThread "Unconstrained build operations Thread 37" [_thread_blocked, id=26896, stack(0x00000021c7200000,0x00000021c7300000)]
  0x0000014afbf5b810 JavaThread "Unconstrained build operations Thread 38" [_thread_blocked, id=30536, stack(0x00000021c7300000,0x00000021c7400000)]
  0x0000014afbf5bd20 JavaThread "Unconstrained build operations Thread 39" [_thread_blocked, id=15472, stack(0x00000021c7400000,0x00000021c7500000)]
  0x0000014afbf5e090 JavaThread "Unconstrained build operations Thread 40" [_thread_blocked, id=15624, stack(0x00000021c7500000,0x00000021c7600000)]
  0x0000014afbf5e5a0 JavaThread "Unconstrained build operations Thread 41" [_thread_blocked, id=32184, stack(0x00000021c7600000,0x00000021c7700000)]
  0x0000014afedd0a80 JavaThread "Unconstrained build operations Thread 42" [_thread_blocked, id=15288, stack(0x00000021c7700000,0x00000021c7800000)]
  0x0000014afedd3d20 JavaThread "Unconstrained build operations Thread 43" [_thread_blocked, id=29296, stack(0x00000021c7800000,0x00000021c7900000)]
  0x0000014afedd0f90 JavaThread "jar transforms Thread 11" [_thread_blocked, id=2464, stack(0x00000021c7900000,0x00000021c7a00000)]
  0x0000014afedd4230 JavaThread "jar transforms Thread 12" [_thread_blocked, id=6968, stack(0x00000021c7a00000,0x00000021c7b00000)]
  0x0000014afedd65a0 JavaThread "Unconstrained build operations Thread 44" [_thread_blocked, id=8756, stack(0x00000021c7b00000,0x00000021c7c00000)]
  0x0000014afedd28e0 JavaThread "Unconstrained build operations Thread 45" [_thread_blocked, id=27024, stack(0x00000021c7c00000,0x00000021c7d00000)]
  0x0000014afedd14a0 JavaThread "Unconstrained build operations Thread 46" [_thread_blocked, id=15196, stack(0x00000021c7d00000,0x00000021c7e00000)]
  0x0000014afedd6fc0 JavaThread "Unconstrained build operations Thread 47" [_thread_blocked, id=32072, stack(0x00000021c7e00000,0x00000021c7f00000)]
  0x0000014afedd0570 JavaThread "Unconstrained build operations Thread 48" [_thread_blocked, id=20520, stack(0x00000021c7f00000,0x00000021c8000000)]
  0x0000014afedd4740 JavaThread "Unconstrained build operations Thread 49" [_thread_blocked, id=25360, stack(0x00000021c8000000,0x00000021c8100000)]
  0x0000014afedd2df0 JavaThread "Unconstrained build operations Thread 50" [_thread_blocked, id=3024, stack(0x00000021c8100000,0x00000021c8200000)]
  0x0000014afedd5b80 JavaThread "Unconstrained build operations Thread 51" [_thread_blocked, id=29588, stack(0x00000021c8200000,0x00000021c8300000)]
  0x0000014afedd19b0 JavaThread "Unconstrained build operations Thread 52" [_thread_blocked, id=10768, stack(0x00000021c8300000,0x00000021c8400000)]
  0x0000014afedd6ab0 JavaThread "Unconstrained build operations Thread 53" [_thread_blocked, id=1460, stack(0x00000021c8400000,0x00000021c8500000)]
  0x0000014afedd3300 JavaThread "Unconstrained build operations Thread 54" [_thread_blocked, id=16448, stack(0x00000021c8500000,0x00000021c8600000)]
  0x0000014afedd4c50 JavaThread "Unconstrained build operations Thread 55" [_thread_blocked, id=31572, stack(0x00000021c8600000,0x00000021c8700000)]
  0x0000014afedd74d0 JavaThread "Unconstrained build operations Thread 56" [_thread_blocked, id=26980, stack(0x00000021c8700000,0x00000021c8800000)]
  0x0000014afedd6090 JavaThread "Unconstrained build operations Thread 57" [_thread_blocked, id=14144, stack(0x00000021c8800000,0x00000021c8900000)]
  0x0000014afedd1ec0 JavaThread "Unconstrained build operations Thread 58" [_thread_blocked, id=12016, stack(0x00000021c8900000,0x00000021c8a00000)]
  0x0000014afedd3810 JavaThread "Unconstrained build operations Thread 59" [_thread_blocked, id=4088, stack(0x00000021c8a00000,0x00000021c8b00000)]
  0x0000014afedd0060 JavaThread "Unconstrained build operations Thread 60" [_thread_blocked, id=29916, stack(0x00000021c8b00000,0x00000021c8c00000)]
  0x0000014afedd79e0 JavaThread "Unconstrained build operations Thread 61" [_thread_blocked, id=26616, stack(0x00000021c8c00000,0x00000021c8d00000)]
  0x0000014afedd23d0 JavaThread "Unconstrained build operations Thread 62" [_thread_blocked, id=11268, stack(0x00000021c8d00000,0x00000021c8e00000)]
  0x0000014afedd5160 JavaThread "Unconstrained build operations Thread 63" [_thread_blocked, id=29972, stack(0x00000021c8e00000,0x00000021c8f00000)]
  0x0000014afedd5670 JavaThread "Unconstrained build operations Thread 64" [_thread_blocked, id=14576, stack(0x00000021c8f00000,0x00000021c9000000)]
  0x0000014afc1b8170 JavaThread "Unconstrained build operations Thread 65" [_thread_blocked, id=31900, stack(0x00000021c9000000,0x00000021c9100000)]
  0x0000014afc1b6d30 JavaThread "Unconstrained build operations Thread 66" [_thread_blocked, id=8172, stack(0x00000021c9100000,0x00000021c9200000)]
  0x0000014afc1b58f0 JavaThread "Unconstrained build operations Thread 67" [_thread_blocked, id=27552, stack(0x00000021c9200000,0x00000021c9300000)]
  0x0000014afc1b7750 JavaThread "Unconstrained build operations Thread 68" [_thread_blocked, id=21164, stack(0x00000021c9300000,0x00000021c9400000)]
  0x0000014afc1b4ed0 JavaThread "Unconstrained build operations Thread 69" [_thread_blocked, id=24276, stack(0x00000021c9400000,0x00000021c9500000)]
  0x0000014afc1b6820 JavaThread "Unconstrained build operations Thread 70" [_thread_blocked, id=28892, stack(0x00000021c9500000,0x00000021c9600000)]
  0x0000014afc1b7240 JavaThread "Unconstrained build operations Thread 71" [_thread_blocked, id=31860, stack(0x00000021c9600000,0x00000021c9700000)]
  0x0000014afc1b5e00 JavaThread "Unconstrained build operations Thread 72" [_thread_blocked, id=7000, stack(0x00000021c9700000,0x00000021c9800000)]
  0x0000014afc1b7c60 JavaThread "Unconstrained build operations Thread 73" [_thread_blocked, id=8484, stack(0x00000021c9800000,0x00000021c9900000)]
  0x0000014afc1b8680 JavaThread "Unconstrained build operations Thread 74" [_thread_blocked, id=31636, stack(0x00000021c9900000,0x00000021c9a00000)]
  0x0000014afc1b53e0 JavaThread "Unconstrained build operations Thread 75" [_thread_blocked, id=19476, stack(0x00000021c9a00000,0x00000021c9b00000)]
  0x0000014afc1b6310 JavaThread "Unconstrained build operations Thread 76" [_thread_blocked, id=30368, stack(0x00000021c9b00000,0x00000021c9c00000)]
  0x0000014a811407d0 JavaThread "build event listener" [_thread_blocked, id=3308, stack(0x00000021c9e00000,0x00000021c9f00000)]
  0x0000014a8113e970 JavaThread "Unconstrained build operations Thread 77" [_thread_blocked, id=26920, stack(0x00000021c9f00000,0x00000021ca000000)]
  0x0000014a8113f390 JavaThread "Unconstrained build operations Thread 78" [_thread_blocked, id=30208, stack(0x00000021ca000000,0x00000021ca100000)]
  0x0000014a81143a70 JavaThread "Unconstrained build operations Thread 79" [_thread_blocked, id=32232, stack(0x00000021ca100000,0x00000021ca200000)]
  0x0000014a811453c0 JavaThread "Unconstrained build operations Thread 80" [_thread_blocked, id=32020, stack(0x00000021ca200000,0x00000021ca300000)]
  0x0000014a8113f8a0 JavaThread "Unconstrained build operations Thread 81" [_thread_blocked, id=28868, stack(0x00000021ca300000,0x00000021ca400000)]
  0x0000014a8113fdb0 JavaThread "Unconstrained build operations Thread 82" [_thread_blocked, id=27344, stack(0x00000021ca400000,0x00000021ca500000)]
  0x0000014a8113e460 JavaThread "Unconstrained build operations Thread 83" [_thread_blocked, id=26428, stack(0x00000021ca500000,0x00000021ca600000)]
  0x0000014a81142b40 JavaThread "Unconstrained build operations Thread 84" [_thread_blocked, id=288, stack(0x00000021ca600000,0x00000021ca700000)]
  0x0000014a81142120 JavaThread "Unconstrained build operations Thread 85" [_thread_blocked, id=17352, stack(0x00000021ca700000,0x00000021ca800000)]
  0x0000014a81141700 JavaThread "Unconstrained build operations Thread 86" [_thread_blocked, id=24440, stack(0x00000021ca800000,0x00000021ca900000)]
  0x0000014a811411f0 JavaThread "Unconstrained build operations Thread 87" [_thread_blocked, id=22064, stack(0x00000021ca900000,0x00000021caa00000)]
  0x0000014a8113ee80 JavaThread "Unconstrained build operations Thread 88" [_thread_blocked, id=296, stack(0x00000021caa00000,0x00000021cab00000)]
  0x0000014a81144490 JavaThread "Unconstrained build operations Thread 89" [_thread_blocked, id=12272, stack(0x00000021cab00000,0x00000021cac00000)]
  0x0000014a811449a0 JavaThread "Unconstrained build operations Thread 90" [_thread_blocked, id=28260, stack(0x00000021cac00000,0x00000021cad00000)]
  0x0000014a81142630 JavaThread "Unconstrained build operations Thread 91" [_thread_blocked, id=30456, stack(0x00000021cad00000,0x00000021cae00000)]
  0x0000014a81144eb0 JavaThread "Unconstrained build operations Thread 92" [_thread_blocked, id=10084, stack(0x00000021cae00000,0x00000021caf00000)]
  0x0000014a81143050 JavaThread "Unconstrained build operations Thread 93" [_thread_blocked, id=22076, stack(0x00000021caf00000,0x00000021cb000000)]
  0x0000014a8113df50 JavaThread "Unconstrained build operations Thread 94" [_thread_blocked, id=22956, stack(0x00000021cb000000,0x00000021cb100000)]
  0x0000014a811458d0 JavaThread "Unconstrained build operations Thread 95" [_thread_blocked, id=29468, stack(0x00000021cb100000,0x00000021cb200000)]
  0x0000014a81bf9590 JavaThread "Unconstrained build operations Thread 96" [_thread_blocked, id=3068, stack(0x00000021cb200000,0x00000021cb300000)]
  0x0000014a81bfc320 JavaThread "Unconstrained build operations Thread 97" [_thread_blocked, id=17812, stack(0x00000021cb300000,0x00000021cb400000)]
  0x0000014a81bfb3f0 JavaThread "Unconstrained build operations Thread 98" [_thread_blocked, id=31212, stack(0x00000021cb400000,0x00000021cb500000)]
  0x0000014a81bfcd40 JavaThread "Unconstrained build operations Thread 99" [_thread_blocked, id=15388, stack(0x00000021cb500000,0x00000021cb600000)]
  0x0000014a81bfc830 JavaThread "Unconstrained build operations Thread 100" [_thread_blocked, id=28944, stack(0x00000021cb600000,0x00000021cb700000)]
  0x0000014a81bfaee0 JavaThread "Unconstrained build operations Thread 101" [_thread_blocked, id=25492, stack(0x00000021cb700000,0x00000021cb800000)]
  0x0000014a81bfe690 JavaThread "Unconstrained build operations Thread 102" [_thread_blocked, id=12524, stack(0x00000021cb800000,0x00000021cb900000)]
  0x0000014a81bfe180 JavaThread "Unconstrained build operations Thread 103" [_thread_blocked, id=10144, stack(0x00000021cb900000,0x00000021cba00000)]
  0x0000014a81bfdc70 JavaThread "Unconstrained build operations Thread 104" [_thread_blocked, id=27112, stack(0x00000021cba00000,0x00000021cbb00000)]
  0x0000014a81bfd250 JavaThread "Unconstrained build operations Thread 105" [_thread_blocked, id=29572, stack(0x00000021cbb00000,0x00000021cbc00000)]
  0x0000014a81bfb900 JavaThread "Unconstrained build operations Thread 106" [_thread_blocked, id=10468, stack(0x00000021cbc00000,0x00000021cbd00000)]
  0x0000014a81bf9aa0 JavaThread "Unconstrained build operations Thread 107" [_thread_blocked, id=11952, stack(0x00000021cbd00000,0x00000021cbe00000)]
  0x0000014a81bfa4c0 JavaThread "Unconstrained build operations Thread 108" [_thread_blocked, id=27636, stack(0x00000021cbe00000,0x00000021cbf00000)]
  0x0000014a81bf9fb0 JavaThread "Unconstrained build operations Thread 109" [_thread_blocked, id=29820, stack(0x00000021cbf00000,0x00000021cc000000)]

Other Threads:
  0x0000014ab53a2070 VMThread "VM Thread" [stack: 0x00000021c0700000,0x00000021c0800000] [id=26048]
  0x0000014a90692f10 WatcherThread [stack: 0x00000021c1300000,0x00000021c1400000] [id=9968]
  0x0000014a906fd710 GCTaskThread "GC Thread#0" [stack: 0x00000021c0200000,0x00000021c0300000] [id=32332]
  0x0000014afb609d00 GCTaskThread "GC Thread#1" [stack: 0x00000021c1400000,0x00000021c1500000] [id=11888]
  0x0000014afb609fc0 GCTaskThread "GC Thread#2" [stack: 0x00000021c1500000,0x00000021c1600000] [id=15868]
  0x0000014afbd1f910 GCTaskThread "GC Thread#3" [stack: 0x00000021c1600000,0x00000021c1700000] [id=24764]
  0x0000014afbd1fbd0 GCTaskThread "GC Thread#4" [stack: 0x00000021c1700000,0x00000021c1800000] [id=22100]
  0x0000014afcc28870 GCTaskThread "GC Thread#5" [stack: 0x00000021c2600000,0x00000021c2700000] [id=17024]
  0x0000014afcc88b70 GCTaskThread "GC Thread#6" [stack: 0x00000021c2700000,0x00000021c2800000] [id=28368]
  0x0000014afce66990 GCTaskThread "GC Thread#7" [stack: 0x00000021c2800000,0x00000021c2900000] [id=26860]
  0x0000014afcfda040 GCTaskThread "GC Thread#8" [stack: 0x00000021c2900000,0x00000021c2a00000] [id=2672]
  0x0000014afca7ed40 GCTaskThread "GC Thread#9" [stack: 0x00000021c2a00000,0x00000021c2b00000] [id=30588]
  0x0000014a9070e570 ConcurrentGCThread "G1 Main Marker" [stack: 0x00000021c0300000,0x00000021c0400000] [id=11660]
  0x0000014a90710650 ConcurrentGCThread "G1 Conc#0" [stack: 0x00000021c0400000,0x00000021c0500000] [id=4944]
  0x0000014afce68a30 ConcurrentGCThread "G1 Conc#1" [stack: 0x00000021c2d00000,0x00000021c2e00000] [id=2820]
  0x0000014afce679b0 ConcurrentGCThread "G1 Conc#2" [stack: 0x00000021c2e00000,0x00000021c2f00000] [id=14536]
  0x0000014ab5264100 ConcurrentGCThread "G1 Refine#0" [stack: 0x00000021c0500000,0x00000021c0600000] [id=29484]
  0x0000014ab5264940 ConcurrentGCThread "G1 Service" [stack: 0x00000021c0600000,0x00000021c0700000] [id=11680]

Threads with active compile tasks:
C2 CompilerThread0    42311 12407       4       java.beans.Introspector::addMethod (196 bytes)

VM state: not at safepoint (normal execution)

VM Mutex/Monitor currently owned by a thread: None

Heap address: 0x0000000700000000, size: 4096 MB, Compressed Oops mode: Zero based, Oop shift amount: 3

CDS archive(s) mapped at: [0x0000014ab6000000-0x0000014ab6bb0000-0x0000014ab6bb0000), size 12255232, SharedBaseAddress: 0x0000014ab6000000, ArchiveRelocationMode: 1.
Compressed class space mapped at: 0x0000014ab7000000-0x0000014af7000000, reserved size: 1073741824
Narrow klass base: 0x0000014ab6000000, Narrow klass shift: 0, Narrow klass range: 0x100000000

GC Precious Log:
 CPUs: 12 total, 12 available
 Memory: 7524M
 Large Page Support: Disabled
 NUMA Support: Disabled
 Compressed Oops: Enabled (Zero based)
 Heap Region Size: 2M
 Heap Min Capacity: 8M
 Heap Initial Capacity: 118M
 Heap Max Capacity: 4G
 Pre-touch: Disabled
 Parallel Workers: 10
 Concurrent Workers: 3
 Concurrent Refinement Workers: 10
 Periodic GC: Disabled

Heap:
 garbage-first heap   total 233472K, used 128397K [0x0000000700000000, 0x0000000800000000)
  region size 2048K, 2 young (4096K), 1 survivors (2048K)
 Metaspace       used 82356K, committed 83328K, reserved 1179648K
  class space    used 11520K, committed 11968K, reserved 1048576K

Heap Regions: E=young(eden), S=young(survivor), O=old, HS=humongous(starts), HC=humongous(continues), CS=collection set, F=free, OA=open archive, CA=closed archive, TAMS=top-at-mark-start (previous, next)
|   0|0x0000000700000000, 0x0000000700200000, 0x0000000700200000|100%|HS|  |TAMS 0x0000000700200000, 0x0000000700000000| Complete 
|   1|0x0000000700200000, 0x0000000700400000, 0x0000000700400000|100%|HC|  |TAMS 0x0000000700400000, 0x0000000700200000| Complete 
|   2|0x0000000700400000, 0x0000000700600000, 0x0000000700600000|100%| O|  |TAMS 0x0000000700600000, 0x0000000700400000| Untracked 
|   3|0x0000000700600000, 0x0000000700800000, 0x0000000700800000|100%| O|  |TAMS 0x0000000700800000, 0x0000000700600000| Untracked 
|   4|0x0000000700800000, 0x0000000700a00000, 0x0000000700a00000|100%| O|  |TAMS 0x0000000700a00000, 0x0000000700800000| Untracked 
|   5|0x0000000700a00000, 0x0000000700c00000, 0x0000000700c00000|100%| O|  |TAMS 0x0000000700c00000, 0x0000000700a00000| Untracked 
|   6|0x0000000700c00000, 0x0000000700e00000, 0x0000000700e00000|100%| O|  |TAMS 0x0000000700e00000, 0x0000000700c00000| Untracked 
|   7|0x0000000700e00000, 0x0000000701000000, 0x0000000701000000|100%| O|  |TAMS 0x0000000701000000, 0x0000000700e00000| Untracked 
|   8|0x0000000701000000, 0x0000000701200000, 0x0000000701200000|100%| O|  |TAMS 0x0000000701200000, 0x0000000701000000| Untracked 
|   9|0x0000000701200000, 0x0000000701400000, 0x0000000701400000|100%| O|  |TAMS 0x0000000701400000, 0x0000000701200000| Untracked 
|  10|0x0000000701400000, 0x0000000701600000, 0x0000000701600000|100%| O|  |TAMS 0x0000000701600000, 0x0000000701400000| Untracked 
|  11|0x0000000701600000, 0x0000000701800000, 0x0000000701800000|100%| O|  |TAMS 0x0000000701800000, 0x0000000701600000| Untracked 
|  12|0x0000000701800000, 0x0000000701a00000, 0x0000000701a00000|100%| O|  |TAMS 0x0000000701a00000, 0x0000000701800000| Untracked 
|  13|0x0000000701a00000, 0x0000000701c00000, 0x0000000701c00000|100%| O|  |TAMS 0x0000000701c00000, 0x0000000701a00000| Untracked 
|  14|0x0000000701c00000, 0x0000000701e00000, 0x0000000701e00000|100%| O|  |TAMS 0x0000000701e00000, 0x0000000701c00000| Untracked 
|  15|0x0000000701e00000, 0x0000000702000000, 0x0000000702000000|100%| O|  |TAMS 0x0000000702000000, 0x0000000701e00000| Untracked 
|  16|0x0000000702000000, 0x0000000702200000, 0x0000000702200000|100%| O|  |TAMS 0x0000000702200000, 0x0000000702000000| Untracked 
|  17|0x0000000702200000, 0x0000000702400000, 0x0000000702400000|100%| O|  |TAMS 0x0000000702400000, 0x0000000702200000| Untracked 
|  18|0x0000000702400000, 0x0000000702600000, 0x0000000702600000|100%| O|  |TAMS 0x0000000702600000, 0x0000000702400000| Untracked 
|  19|0x0000000702600000, 0x0000000702800000, 0x0000000702800000|100%| O|  |TAMS 0x0000000702800000, 0x0000000702600000| Untracked 
|  20|0x0000000702800000, 0x0000000702a00000, 0x0000000702a00000|100%| O|  |TAMS 0x0000000702a00000, 0x0000000702800000| Untracked 
|  21|0x0000000702a00000, 0x0000000702c00000, 0x0000000702c00000|100%| O|  |TAMS 0x0000000702c00000, 0x0000000702a00000| Untracked 
|  22|0x0000000702c00000, 0x0000000702e00000, 0x0000000702e00000|100%| O|  |TAMS 0x0000000702e00000, 0x0000000702c00000| Untracked 
|  23|0x0000000702e00000, 0x0000000703000000, 0x0000000703000000|100%| O|  |TAMS 0x0000000703000000, 0x0000000702e00000| Untracked 
|  24|0x0000000703000000, 0x0000000703200000, 0x0000000703200000|100%| O|  |TAMS 0x0000000703200000, 0x0000000703000000| Untracked 
|  25|0x0000000703200000, 0x0000000703400000, 0x0000000703400000|100%| O|  |TAMS 0x0000000703400000, 0x0000000703200000| Untracked 
|  26|0x0000000703400000, 0x0000000703600000, 0x0000000703600000|100%| O|  |TAMS 0x0000000703600000, 0x0000000703400000| Untracked 
|  27|0x0000000703600000, 0x0000000703800000, 0x0000000703800000|100%|HS|  |TAMS 0x0000000703800000, 0x0000000703600000| Complete 
|  28|0x0000000703800000, 0x0000000703a00000, 0x0000000703a00000|100%|HS|  |TAMS 0x0000000703a00000, 0x0000000703800000| Complete 
|  29|0x0000000703a00000, 0x0000000703c00000, 0x0000000703c00000|100%|HS|  |TAMS 0x0000000703c00000, 0x0000000703a00000| Complete 
|  30|0x0000000703c00000, 0x0000000703e00000, 0x0000000703e00000|100%|HC|  |TAMS 0x0000000703e00000, 0x0000000703c00000| Complete 
|  31|0x0000000703e00000, 0x0000000704000000, 0x0000000704000000|100%| O|  |TAMS 0x0000000704000000, 0x0000000703e00000| Untracked 
|  32|0x0000000704000000, 0x0000000704200000, 0x0000000704200000|100%| O|  |TAMS 0x0000000704200000, 0x0000000704000000| Untracked 
|  33|0x0000000704200000, 0x0000000704400000, 0x0000000704400000|100%| O|  |TAMS 0x0000000704400000, 0x0000000704200000| Untracked 
|  34|0x0000000704400000, 0x0000000704600000, 0x0000000704600000|100%| O|  |TAMS 0x0000000704600000, 0x0000000704400000| Untracked 
|  35|0x0000000704600000, 0x0000000704800000, 0x0000000704800000|100%| O|  |TAMS 0x0000000704800000, 0x0000000704600000| Untracked 
|  36|0x0000000704800000, 0x0000000704a00000, 0x0000000704a00000|100%| O|  |TAMS 0x0000000704a00000, 0x0000000704800000| Untracked 
|  37|0x0000000704a00000, 0x0000000704c00000, 0x0000000704c00000|100%|HS|  |TAMS 0x0000000704c00000, 0x0000000704a00000| Complete 
|  38|0x0000000704c00000, 0x0000000704e00000, 0x0000000704e00000|100%| O|  |TAMS 0x0000000704e00000, 0x0000000704c00000| Untracked 
|  39|0x0000000704e00000, 0x0000000705000000, 0x0000000705000000|100%| O|  |TAMS 0x0000000705000000, 0x0000000704e00000| Untracked 
|  40|0x0000000705000000, 0x0000000705200000, 0x0000000705200000|100%| O|  |TAMS 0x0000000705200000, 0x0000000705000000| Untracked 
|  41|0x0000000705200000, 0x0000000705400000, 0x0000000705400000|100%| O|  |TAMS 0x0000000705400000, 0x0000000705200000| Untracked 
|  42|0x0000000705400000, 0x0000000705600000, 0x0000000705600000|100%| O|  |TAMS 0x0000000705600000, 0x0000000705400000| Untracked 
|  43|0x0000000705600000, 0x0000000705800000, 0x0000000705800000|100%| O|  |TAMS 0x0000000705800000, 0x0000000705600000| Untracked 
|  44|0x0000000705800000, 0x0000000705a00000, 0x0000000705a00000|100%| O|  |TAMS 0x0000000705a00000, 0x0000000705800000| Untracked 
|  45|0x0000000705a00000, 0x0000000705c00000, 0x0000000705c00000|100%| O|  |TAMS 0x0000000705c00000, 0x0000000705a00000| Untracked 
|  46|0x0000000705c00000, 0x0000000705e00000, 0x0000000705e00000|100%| O|  |TAMS 0x0000000705e00000, 0x0000000705c00000| Untracked 
|  47|0x0000000705e00000, 0x0000000706000000, 0x0000000706000000|100%|HS|  |TAMS 0x0000000706000000, 0x0000000705e00000| Complete 
|  48|0x0000000706000000, 0x0000000706200000, 0x0000000706200000|100%|HC|  |TAMS 0x0000000706200000, 0x0000000706000000| Complete 
|  49|0x0000000706200000, 0x0000000706400000, 0x0000000706400000|100%| O|  |TAMS 0x0000000706400000, 0x0000000706200000| Untracked 
|  50|0x0000000706400000, 0x0000000706600000, 0x0000000706600000|100%| O|  |TAMS 0x0000000706600000, 0x0000000706400000| Untracked 
|  51|0x0000000706600000, 0x0000000706800000, 0x0000000706800000|100%| O|  |TAMS 0x0000000706800000, 0x0000000706600000| Untracked 
|  52|0x0000000706800000, 0x0000000706800000, 0x0000000706a00000|  0%| F|  |TAMS 0x0000000706800000, 0x0000000706800000| Untracked 
|  53|0x0000000706a00000, 0x0000000706c00000, 0x0000000706c00000|100%| O|  |TAMS 0x0000000706c00000, 0x0000000706a00000| Untracked 
|  54|0x0000000706c00000, 0x0000000706e00000, 0x0000000706e00000|100%| O|  |TAMS 0x0000000706d25200, 0x0000000706c00000| Untracked 
|  55|0x0000000706e00000, 0x0000000707000000, 0x0000000707000000|100%|HS|  |TAMS 0x0000000707000000, 0x0000000706e00000| Complete 
|  56|0x0000000707000000, 0x0000000707200000, 0x0000000707200000|100%|HC|  |TAMS 0x0000000707200000, 0x0000000707000000| Complete 
|  57|0x0000000707200000, 0x0000000707400000, 0x0000000707400000|100%| O|  |TAMS 0x0000000707200000, 0x0000000707200000| Untracked 
|  58|0x0000000707400000, 0x0000000707600000, 0x0000000707600000|100%| O|  |TAMS 0x0000000707400000, 0x0000000707400000| Untracked 
|  59|0x0000000707600000, 0x0000000707800000, 0x0000000707800000|100%| O|  |TAMS 0x0000000707600000, 0x0000000707600000| Untracked 
|  60|0x0000000707800000, 0x0000000707a00000, 0x0000000707a00000|100%| O|  |TAMS 0x0000000707800000, 0x0000000707800000| Untracked 
|  61|0x0000000707a00000, 0x0000000707c00000, 0x0000000707c00000|100%| O|  |TAMS 0x0000000707a00000, 0x0000000707a00000| Untracked 
|  62|0x0000000707c00000, 0x0000000707e00000, 0x0000000707e00000|100%| O|  |TAMS 0x0000000707c00000, 0x0000000707c00000| Untracked 
|  63|0x0000000707e00000, 0x0000000707ebe200, 0x0000000708000000| 37%| O|  |TAMS 0x0000000707e00000, 0x0000000707e00000| Untracked 
|  64|0x0000000708000000, 0x0000000708000000, 0x0000000708200000|  0%| F|  |TAMS 0x0000000708000000, 0x0000000708000000| Untracked 
|  65|0x0000000708200000, 0x0000000708200000, 0x0000000708400000|  0%| F|  |TAMS 0x0000000708200000, 0x0000000708200000| Untracked 
|  66|0x0000000708400000, 0x0000000708400000, 0x0000000708600000|  0%| F|  |TAMS 0x0000000708400000, 0x0000000708400000| Untracked 
|  67|0x0000000708600000, 0x0000000708600000, 0x0000000708800000|  0%| F|  |TAMS 0x0000000708600000, 0x0000000708600000| Untracked 
|  68|0x0000000708800000, 0x0000000708800000, 0x0000000708a00000|  0%| F|  |TAMS 0x0000000708800000, 0x0000000708800000| Untracked 
|  69|0x0000000708a00000, 0x0000000708a00000, 0x0000000708c00000|  0%| F|  |TAMS 0x0000000708a00000, 0x0000000708a00000| Untracked 
|  70|0x0000000708c00000, 0x0000000708c00000, 0x0000000708e00000|  0%| F|  |TAMS 0x0000000708c00000, 0x0000000708c00000| Untracked 
|  71|0x0000000708e00000, 0x0000000708e00000, 0x0000000709000000|  0%| F|  |TAMS 0x0000000708e00000, 0x0000000708e00000| Untracked 
|  72|0x0000000709000000, 0x0000000709000000, 0x0000000709200000|  0%| F|  |TAMS 0x0000000709000000, 0x0000000709000000| Untracked 
|  73|0x0000000709200000, 0x0000000709200000, 0x0000000709400000|  0%| F|  |TAMS 0x0000000709200000, 0x0000000709200000| Untracked 
|  74|0x0000000709400000, 0x0000000709400000, 0x0000000709600000|  0%| F|  |TAMS 0x0000000709400000, 0x0000000709400000| Untracked 
|  75|0x0000000709600000, 0x0000000709600000, 0x0000000709800000|  0%| F|  |TAMS 0x0000000709600000, 0x0000000709600000| Untracked 
|  76|0x0000000709800000, 0x0000000709800000, 0x0000000709a00000|  0%| F|  |TAMS 0x0000000709800000, 0x0000000709800000| Untracked 
|  77|0x0000000709a00000, 0x0000000709a00000, 0x0000000709c00000|  0%| F|  |TAMS 0x0000000709a00000, 0x0000000709a00000| Untracked 
|  78|0x0000000709c00000, 0x0000000709c00000, 0x0000000709e00000|  0%| F|  |TAMS 0x0000000709c00000, 0x0000000709c00000| Untracked 
|  79|0x0000000709e00000, 0x0000000709e00000, 0x000000070a000000|  0%| F|  |TAMS 0x0000000709e00000, 0x0000000709e00000| Untracked 
|  80|0x000000070a000000, 0x000000070a000000, 0x000000070a200000|  0%| F|  |TAMS 0x000000070a000000, 0x000000070a000000| Untracked 
|  81|0x000000070a200000, 0x000000070a200000, 0x000000070a400000|  0%| F|  |TAMS 0x000000070a200000, 0x000000070a200000| Untracked 
|  82|0x000000070a400000, 0x000000070a400000, 0x000000070a600000|  0%| F|  |TAMS 0x000000070a400000, 0x000000070a400000| Untracked 
|  83|0x000000070a600000, 0x000000070a600000, 0x000000070a800000|  0%| F|  |TAMS 0x000000070a600000, 0x000000070a600000| Untracked 
|  84|0x000000070a800000, 0x000000070a800000, 0x000000070aa00000|  0%| F|  |TAMS 0x000000070a800000, 0x000000070a800000| Untracked 
|  85|0x000000070aa00000, 0x000000070aa00000, 0x000000070ac00000|  0%| F|  |TAMS 0x000000070aa00000, 0x000000070aa00000| Untracked 
|  86|0x000000070ac00000, 0x000000070ac00000, 0x000000070ae00000|  0%| F|  |TAMS 0x000000070ac00000, 0x000000070ac00000| Untracked 
|  87|0x000000070ae00000, 0x000000070ae00000, 0x000000070b000000|  0%| F|  |TAMS 0x000000070ae00000, 0x000000070ae00000| Untracked 
|  88|0x000000070b000000, 0x000000070b000000, 0x000000070b200000|  0%| F|  |TAMS 0x000000070b000000, 0x000000070b000000| Untracked 
|  89|0x000000070b200000, 0x000000070b200000, 0x000000070b400000|  0%| F|  |TAMS 0x000000070b200000, 0x000000070b200000| Untracked 
|  90|0x000000070b400000, 0x000000070b400000, 0x000000070b600000|  0%| F|  |TAMS 0x000000070b400000, 0x000000070b400000| Untracked 
|  91|0x000000070b600000, 0x000000070b600000, 0x000000070b800000|  0%| F|  |TAMS 0x000000070b600000, 0x000000070b600000| Untracked 
|  92|0x000000070b800000, 0x000000070b800000, 0x000000070ba00000|  0%| F|  |TAMS 0x000000070b800000, 0x000000070b800000| Untracked 
|  93|0x000000070ba00000, 0x000000070ba00000, 0x000000070bc00000|  0%| F|  |TAMS 0x000000070ba00000, 0x000000070ba00000| Untracked 
|  94|0x000000070bc00000, 0x000000070bc00000, 0x000000070be00000|  0%| F|  |TAMS 0x000000070bc00000, 0x000000070bc00000| Untracked 
|  95|0x000000070be00000, 0x000000070be00000, 0x000000070c000000|  0%| F|  |TAMS 0x000000070be00000, 0x000000070be00000| Untracked 
|  96|0x000000070c000000, 0x000000070c000000, 0x000000070c200000|  0%| F|  |TAMS 0x000000070c000000, 0x000000070c000000| Untracked 
|  97|0x000000070c200000, 0x000000070c200000, 0x000000070c400000|  0%| F|  |TAMS 0x000000070c200000, 0x000000070c200000| Untracked 
|  98|0x000000070c400000, 0x000000070c400000, 0x000000070c600000|  0%| F|  |TAMS 0x000000070c400000, 0x000000070c400000| Untracked 
|  99|0x000000070c600000, 0x000000070c600000, 0x000000070c800000|  0%| F|  |TAMS 0x000000070c600000, 0x000000070c600000| Untracked 
| 100|0x000000070c800000, 0x000000070c800000, 0x000000070ca00000|  0%| F|  |TAMS 0x000000070c800000, 0x000000070c800000| Untracked 
| 101|0x000000070ca00000, 0x000000070ca00000, 0x000000070cc00000|  0%| F|  |TAMS 0x000000070ca00000, 0x000000070ca00000| Untracked 
| 102|0x000000070cc00000, 0x000000070cc00000, 0x000000070ce00000|  0%| F|  |TAMS 0x000000070cc00000, 0x000000070cc00000| Untracked 
| 103|0x000000070ce00000, 0x000000070ce00000, 0x000000070d000000|  0%| F|  |TAMS 0x000000070ce00000, 0x000000070ce00000| Untracked 
| 104|0x000000070d000000, 0x000000070d000000, 0x000000070d200000|  0%| F|  |TAMS 0x000000070d000000, 0x000000070d000000| Untracked 
| 105|0x000000070d200000, 0x000000070d200000, 0x000000070d400000|  0%| F|  |TAMS 0x000000070d200000, 0x000000070d200000| Untracked 
| 106|0x000000070d400000, 0x000000070d400000, 0x000000070d600000|  0%| F|  |TAMS 0x000000070d400000, 0x000000070d400000| Untracked 
| 107|0x000000070d600000, 0x000000070d600000, 0x000000070d800000|  0%| F|  |TAMS 0x000000070d600000, 0x000000070d600000| Untracked 
| 108|0x000000070d800000, 0x000000070d800000, 0x000000070da00000|  0%| F|  |TAMS 0x000000070d800000, 0x000000070d800000| Untracked 
| 109|0x000000070da00000, 0x000000070da00000, 0x000000070dc00000|  0%| F|  |TAMS 0x000000070da00000, 0x000000070da00000| Untracked 
| 110|0x000000070dc00000, 0x000000070dc00000, 0x000000070de00000|  0%| F|  |TAMS 0x000000070dc00000, 0x000000070dc00000| Untracked 
| 111|0x000000070de00000, 0x000000070dea53c0, 0x000000070e000000| 32%| S|CS|TAMS 0x000000070de00000, 0x000000070de00000| Complete 
| 112|0x000000070e000000, 0x000000070e000000, 0x000000070e200000|  0%| F|  |TAMS 0x000000070e000000, 0x000000070e000000| Untracked 
| 113|0x000000070e200000, 0x000000070e3cb120, 0x000000070e400000| 89%| E|  |TAMS 0x000000070e200000, 0x000000070e200000| Complete 

Card table byte_map: [0x0000014aa9e40000,0x0000014aaa640000] _byte_map_base: 0x0000014aa6640000

Marking Bits (Prev, Next): (CMBitMap*) 0x0000014a906fdc80, (CMBitMap*) 0x0000014a906fdc40
 Prev Bits: [0x0000014aaee40000, 0x0000014ab2e40000)
 Next Bits: [0x0000014aaae40000, 0x0000014aaee40000)

Polling page: 0x0000014a90750000

Metaspace:

Usage:
  Non-class:     69.18 MB used.
      Class:     11.25 MB used.
       Both:     80.43 MB used.

Virtual space:
  Non-class space:      128.00 MB reserved,      69.69 MB ( 54%) committed,  2 nodes.
      Class space:        1.00 GB reserved,      11.69 MB (  1%) committed,  1 nodes.
             Both:        1.12 GB reserved,      81.38 MB (  7%) committed. 

Chunk freelists:
   Non-Class:  9.64 MB
       Class:  4.12 MB
        Both:  13.77 MB

MaxMetaspaceSize: 2.00 GB
CompressedClassSpaceSize: 1.00 GB
Initial GC threshold: 21.00 MB
Current GC threshold: 133.12 MB
CDS: on
MetaspaceReclaimPolicy: balanced
 - commit_granule_bytes: 65536.
 - commit_granule_words: 8192.
 - virtual_space_node_default_size: 8388608.
 - enlarge_chunks_in_place: 1.
 - new_chunks_are_fully_committed: 0.
 - uncommit_free_chunks: 1.
 - use_allocation_guard: 0.
 - handle_deallocations: 1.


Internal statistics:

num_allocs_failed_limit: 9.
num_arena_births: 1218.
num_arena_deaths: 0.
num_vsnodes_births: 3.
num_vsnodes_deaths: 0.
num_space_committed: 1303.
num_space_uncommitted: 0.
num_chunks_returned_to_freelist: 9.
num_chunks_taken_from_freelist: 4864.
num_chunk_merges: 6.
num_chunk_splits: 3083.
num_chunks_enlarged: 1949.
num_inconsistent_stats: 0.

CodeHeap 'non-profiled nmethods': size=120000Kb used=5792Kb max_used=5792Kb free=114207Kb
 bounds [0x0000014aa1490000, 0x0000014aa1a40000, 0x0000014aa89c0000]
CodeHeap 'profiled nmethods': size=120000Kb used=18981Kb max_used=18981Kb free=101018Kb
 bounds [0x0000014a999c0000, 0x0000014a9ac50000, 0x0000014aa0ef0000]
CodeHeap 'non-nmethods': size=5760Kb used=2393Kb max_used=2440Kb free=3366Kb
 bounds [0x0000014aa0ef0000, 0x0000014aa1170000, 0x0000014aa1490000]
 total_blobs=11296 nmethods=10372 adapters=834
 compilation: enabled
              stopped_count=0, restarted_count=0
 full_count=0

Compilation events (20 events):
Event: 41.710 Thread 0x0000014ab53c2ff0 12432       1       org.gradle.internal.classloader.ConfigurableClassLoaderHierarchyHasher::access$100 (5 bytes)
Event: 41.710 Thread 0x0000014ab53c2ff0 nmethod 12432 0x0000014aa1a36c10 code [0x0000014aa1a36da0, 0x0000014aa1a36e58]
Event: 41.713 Thread 0x0000014ab53c2ff0 12436       3       sun.net.util.IPAddressUtil::isIPv4MappedAddress (93 bytes)
Event: 41.714 Thread 0x0000014ab53c2ff0 nmethod 12436 0x0000014a9ac2bc90 code [0x0000014a9ac2be60, 0x0000014a9ac2c3f8]
Event: 41.732 Thread 0x0000014ab53c2ff0 12437       3       com.google.common.collect.ImmutableMapEntrySet$RegularEntrySet::spliterator (8 bytes)
Event: 41.733 Thread 0x0000014ab53c2ff0 nmethod 12437 0x0000014a9ac2c590 code [0x0000014a9ac2c740, 0x0000014a9ac2c928]
Event: 41.733 Thread 0x0000014ab53c2ff0 12438       3       com.google.common.collect.Iterables::toArray (10 bytes)
Event: 41.733 Thread 0x0000014ab53c2ff0 nmethod 12438 0x0000014a9ac2ca10 code [0x0000014a9ac2cc60, 0x0000014a9ac2d758]
Event: 41.733 Thread 0x0000014ab53c2ff0 12439       3       com.google.common.collect.ObjectArrays::newArray (9 bytes)
Event: 41.733 Thread 0x0000014ab53c2ff0 nmethod 12439 0x0000014a9ac2da90 code [0x0000014a9ac2dc40, 0x0000014a9ac2dea8]
Event: 41.735 Thread 0x0000014ab53c2ff0 12440       3       sun.reflect.generics.parser.SignatureParser::parseZeroOrMoreTypeSignatures (174 bytes)
Event: 41.736 Thread 0x0000014ab53c2ff0 nmethod 12440 0x0000014a9ac2df90 code [0x0000014a9ac2e1e0, 0x0000014a9ac2ef18]
Event: 41.736 Thread 0x0000014ab53c2ff0 12441       3       groovy.lang.MetaClassImpl$MethodIndex::<init> (5 bytes)
Event: 41.736 Thread 0x0000014ab53c2ff0 nmethod 12441 0x0000014a9ac2f310 code [0x0000014a9ac2f4e0, 0x0000014a9ac2f958]
Event: 41.736 Thread 0x0000014ab53c2ff0 12443       3       org.codehaus.groovy.runtime.metaclass.ReflectionMetaMethod::getName (8 bytes)
Event: 41.736 Thread 0x0000014ab53c2ff0 nmethod 12443 0x0000014a9ac2fb10 code [0x0000014a9ac2fcc0, 0x0000014a9ac2fe78]
Event: 41.736 Thread 0x0000014ab53c2ff0 12442       3       groovy.lang.MetaClassImpl$Index::<init> (5 bytes)
Event: 41.736 Thread 0x0000014ab53c2ff0 nmethod 12442 0x0000014a9ac2ff90 code [0x0000014a9ac30140, 0x0000014a9ac30558]
Event: 41.740 Thread 0x0000014ab53c2ff0 12444       3       java.lang.reflect.Field::get (29 bytes)
Event: 41.741 Thread 0x0000014ab53c2ff0 nmethod 12444 0x0000014a9ac30690 code [0x0000014a9ac30860, 0x0000014a9ac30c18]

GC Heap History (20 events):
Event: 34.456 GC heap before
{Heap before GC invocations=30 (full 0):
 garbage-first heap   total 167936K, used 121810K [0x0000000700000000, 0x0000000800000000)
  region size 2048K, 18 young (36864K), 1 survivors (2048K)
 Metaspace       used 69253K, committed 70144K, reserved 1114112K
  class space    used 9755K, committed 10176K, reserved 1048576K
}
Event: 34.459 GC heap after
{Heap after GC invocations=31 (full 0):
 garbage-first heap   total 167936K, used 92641K [0x0000000700000000, 0x0000000800000000)
  region size 2048K, 3 young (6144K), 3 survivors (6144K)
 Metaspace       used 69253K, committed 70144K, reserved 1114112K
  class space    used 9755K, committed 10176K, reserved 1048576K
}
Event: 35.249 GC heap before
{Heap before GC invocations=31 (full 0):
 garbage-first heap   total 167936K, used 127457K [0x0000000700000000, 0x0000000800000000)
  region size 2048K, 20 young (40960K), 3 survivors (6144K)
 Metaspace       used 71677K, committed 72576K, reserved 1114112K
  class space    used 10064K, committed 10496K, reserved 1048576K
}
Event: 35.275 GC heap after
{Heap after GC invocations=32 (full 0):
 garbage-first heap   total 167936K, used 94720K [0x0000000700000000, 0x0000000800000000)
  region size 2048K, 2 young (4096K), 2 survivors (4096K)
 Metaspace       used 71677K, committed 72576K, reserved 1114112K
  class space    used 10064K, committed 10496K, reserved 1048576K
}
Event: 36.567 GC heap before
{Heap before GC invocations=33 (full 0):
 garbage-first heap   total 167936K, used 127488K [0x0000000700000000, 0x0000000800000000)
  region size 2048K, 18 young (36864K), 2 survivors (4096K)
 Metaspace       used 74673K, committed 75520K, reserved 1114112K
  class space    used 10471K, committed 10880K, reserved 1048576K
}
Event: 36.570 GC heap after
{Heap after GC invocations=34 (full 0):
 garbage-first heap   total 167936K, used 95903K [0x0000000700000000, 0x0000000800000000)
  region size 2048K, 2 young (4096K), 2 survivors (4096K)
 Metaspace       used 74673K, committed 75520K, reserved 1114112K
  class space    used 10471K, committed 10880K, reserved 1048576K
}
Event: 37.106 GC heap before
{Heap before GC invocations=34 (full 0):
 garbage-first heap   total 167936K, used 130719K [0x0000000700000000, 0x0000000800000000)
  region size 2048K, 19 young (38912K), 2 survivors (4096K)
 Metaspace       used 77057K, committed 77888K, reserved 1179648K
  class space    used 10773K, committed 11200K, reserved 1048576K
}
Event: 37.110 GC heap after
{Heap after GC invocations=35 (full 0):
 garbage-first heap   total 167936K, used 97308K [0x0000000700000000, 0x0000000800000000)
  region size 2048K, 2 young (4096K), 2 survivors (4096K)
 Metaspace       used 77057K, committed 77888K, reserved 1179648K
  class space    used 10773K, committed 11200K, reserved 1048576K
}
Event: 37.585 GC heap before
{Heap before GC invocations=36 (full 0):
 garbage-first heap   total 182272K, used 138268K [0x0000000700000000, 0x0000000800000000)
  region size 2048K, 20 young (40960K), 2 survivors (4096K)
 Metaspace       used 78384K, committed 79296K, reserved 1179648K
  class space    used 10999K, committed 11456K, reserved 1048576K
}
Event: 37.592 GC heap after
{Heap after GC invocations=37 (full 0):
 garbage-first heap   total 182272K, used 104235K [0x0000000700000000, 0x0000000800000000)
  region size 2048K, 3 young (6144K), 3 survivors (6144K)
 Metaspace       used 78384K, committed 79296K, reserved 1179648K
  class space    used 10999K, committed 11456K, reserved 1048576K
}
Event: 37.607 GC heap before
{Heap before GC invocations=37 (full 0):
 garbage-first heap   total 182272K, used 106283K [0x0000000700000000, 0x0000000800000000)
  region size 2048K, 4 young (8192K), 3 survivors (6144K)
 Metaspace       used 78409K, committed 79360K, reserved 1179648K
  class space    used 11005K, committed 11456K, reserved 1048576K
}
Event: 37.614 GC heap after
{Heap after GC invocations=38 (full 0):
 garbage-first heap   total 219136K, used 103677K [0x0000000700000000, 0x0000000800000000)
  region size 2048K, 1 young (2048K), 1 survivors (2048K)
 Metaspace       used 78409K, committed 79360K, reserved 1179648K
  class space    used 11005K, committed 11456K, reserved 1048576K
}
Event: 39.670 GC heap before
{Heap before GC invocations=38 (full 0):
 garbage-first heap   total 219136K, used 173309K [0x0000000700000000, 0x0000000800000000)
  region size 2048K, 35 young (71680K), 1 survivors (2048K)
 Metaspace       used 79028K, committed 80000K, reserved 1179648K
  class space    used 11073K, committed 11520K, reserved 1048576K
}
Event: 39.687 GC heap after
{Heap after GC invocations=39 (full 0):
 garbage-first heap   total 219136K, used 108631K [0x0000000700000000, 0x0000000800000000)
  region size 2048K, 3 young (6144K), 3 survivors (6144K)
 Metaspace       used 79028K, committed 80000K, reserved 1179648K
  class space    used 11073K, committed 11520K, reserved 1048576K
}
Event: 39.919 GC heap before
{Heap before GC invocations=40 (full 0):
 garbage-first heap   total 233472K, used 172119K [0x0000000700000000, 0x0000000800000000)
  region size 2048K, 35 young (71680K), 3 survivors (6144K)
 Metaspace       used 79040K, committed 80000K, reserved 1179648K
  class space    used 11073K, committed 11520K, reserved 1048576K
}
Event: 39.941 GC heap after
{Heap after GC invocations=41 (full 0):
 garbage-first heap   total 233472K, used 110848K [0x0000000700000000, 0x0000000800000000)
  region size 2048K, 2 young (4096K), 2 survivors (4096K)
 Metaspace       used 79040K, committed 80000K, reserved 1179648K
  class space    used 11073K, committed 11520K, reserved 1048576K
}
Event: 39.954 GC heap before
{Heap before GC invocations=41 (full 0):
 garbage-first heap   total 233472K, used 114944K [0x0000000700000000, 0x0000000800000000)
  region size 2048K, 5 young (10240K), 2 survivors (4096K)
 Metaspace       used 79040K, committed 80000K, reserved 1179648K
  class space    used 11073K, committed 11520K, reserved 1048576K
}
Event: 39.957 GC heap after
{Heap after GC invocations=42 (full 0):
 garbage-first heap   total 233472K, used 110211K [0x0000000700000000, 0x0000000800000000)
  region size 2048K, 1 young (2048K), 1 survivors (2048K)
 Metaspace       used 79040K, committed 80000K, reserved 1179648K
  class space    used 11073K, committed 11520K, reserved 1048576K
}
Event: 40.966 GC heap before
{Heap before GC invocations=42 (full 0):
 garbage-first heap   total 233472K, used 192131K [0x0000000700000000, 0x0000000800000000)
  region size 2048K, 39 young (79872K), 1 survivors (2048K)
 Metaspace       used 80792K, committed 81792K, reserved 1179648K
  class space    used 11303K, committed 11776K, reserved 1048576K
}
Event: 40.972 GC heap after
{Heap after GC invocations=43 (full 0):
 garbage-first heap   total 233472K, used 125619K [0x0000000700000000, 0x0000000800000000)
  region size 2048K, 5 young (10240K), 5 survivors (10240K)
 Metaspace       used 80792K, committed 81792K, reserved 1179648K
  class space    used 11303K, committed 11776K, reserved 1048576K
}

Dll operation events (15 events):
Event: 0.010 Loaded shared library C:\Program Files\Eclipse Adoptium\jdk-17.0.13.11-hotspot\bin\java.dll
Event: 0.029 Loaded shared library C:\Program Files\Eclipse Adoptium\jdk-17.0.13.11-hotspot\bin\jsvml.dll
Event: 0.069 Loaded shared library C:\Program Files\Eclipse Adoptium\jdk-17.0.13.11-hotspot\bin\zip.dll
Event: 0.072 Loaded shared library C:\Program Files\Eclipse Adoptium\jdk-17.0.13.11-hotspot\bin\instrument.dll
Event: 0.076 Loaded shared library C:\Program Files\Eclipse Adoptium\jdk-17.0.13.11-hotspot\bin\net.dll
Event: 0.078 Loaded shared library C:\Program Files\Eclipse Adoptium\jdk-17.0.13.11-hotspot\bin\nio.dll
Event: 0.080 Loaded shared library C:\Program Files\Eclipse Adoptium\jdk-17.0.13.11-hotspot\bin\zip.dll
Event: 0.360 Loaded shared library C:\Program Files\Eclipse Adoptium\jdk-17.0.13.11-hotspot\bin\jimage.dll
Event: 0.550 Loaded shared library C:\Program Files\Eclipse Adoptium\jdk-17.0.13.11-hotspot\bin\verify.dll
Event: 0.718 Loaded shared library C:\Users\rishi\.gradle\native\c067742578af261105cb4f569cf0c3c89f3d7b1fecec35dd04571415982c5e48\windows-amd64\native-platform.dll
Event: 0.726 Loaded shared library C:\Users\rishi\.gradle\native\100fb08df4bc3b14c8652ba06237920a3bd2aa13389f12d3474272988ae205f9\windows-amd64\native-platform-file-events.dll
Event: 1.841 Loaded shared library C:\Program Files\Eclipse Adoptium\jdk-17.0.13.11-hotspot\bin\management.dll
Event: 1.845 Loaded shared library C:\Program Files\Eclipse Adoptium\jdk-17.0.13.11-hotspot\bin\management_ext.dll
Event: 2.001 Loaded shared library C:\Program Files\Eclipse Adoptium\jdk-17.0.13.11-hotspot\bin\extnet.dll
Event: 2.200 Loaded shared library C:\Program Files\Eclipse Adoptium\jdk-17.0.13.11-hotspot\bin\sunmscapi.dll

Deoptimization events (20 events):
Event: 39.745 Thread 0x0000014a81bfb900 Uncommon trap: trap_request=0xffffff45 fr.pc=0x0000014aa1588198 relative=0x00000000000011d8
Event: 39.745 Thread 0x0000014a81bfb900 Uncommon trap: reason=unstable_if action=reinterpret pc=0x0000014aa1588198 method=java.util.concurrent.ConcurrentHashMap.transfer([Ljava/util/concurrent/ConcurrentHashMap$Node;[Ljava/util/concurrent/ConcurrentHashMap$Node;)V @ 273 c2
Event: 39.745 Thread 0x0000014a81bfb900 DEOPT PACKING pc=0x0000014aa1588198 sp=0x00000021cbcfde00
Event: 39.745 Thread 0x0000014a81bfb900 DEOPT UNPACKING pc=0x0000014aa0f469a3 sp=0x00000021cbcfdd88 mode 2
Event: 40.014 Thread 0x0000014a81bfe690 Uncommon trap: trap_request=0xffffff45 fr.pc=0x0000014aa19ee870 relative=0x0000000000000190
Event: 40.014 Thread 0x0000014a81bfe690 Uncommon trap: reason=unstable_if action=reinterpret pc=0x0000014aa19ee870 method=com.google.common.cache.LongAdder.add(J)V @ 95 c2
Event: 40.014 Thread 0x0000014a81bfe690 DEOPT PACKING pc=0x0000014aa19ee870 sp=0x00000021cb8fb7e0
Event: 40.014 Thread 0x0000014a81bfe690 DEOPT UNPACKING pc=0x0000014aa0f469a3 sp=0x00000021cb8fb760 mode 2
Event: 40.698 Thread 0x0000014afcbfa060 Uncommon trap: trap_request=0xffffff45 fr.pc=0x0000014aa1938564 relative=0x0000000000000344
Event: 40.698 Thread 0x0000014afcbfa060 Uncommon trap: reason=unstable_if action=reinterpret pc=0x0000014aa1938564 method=java.lang.String.indexOf([BBILjava/lang/String;I)I @ 54 c2
Event: 40.698 Thread 0x0000014afcbfa060 DEOPT PACKING pc=0x0000014aa1938564 sp=0x00000021c1eeeba0
Event: 40.698 Thread 0x0000014afcbfa060 DEOPT UNPACKING pc=0x0000014aa0f469a3 sp=0x00000021c1eeeab0 mode 2
Event: 40.907 Thread 0x0000014afcbfa060 DEOPT PACKING pc=0x0000014a9a1f6b2d sp=0x00000021c1ef3190
Event: 40.907 Thread 0x0000014afcbfa060 DEOPT UNPACKING pc=0x0000014aa0f47143 sp=0x00000021c1ef26c8 mode 0
Event: 41.175 Thread 0x0000014afcbfa060 DEOPT PACKING pc=0x0000014a9a8e02d6 sp=0x00000021c1ef1e20
Event: 41.175 Thread 0x0000014afcbfa060 DEOPT UNPACKING pc=0x0000014aa0f47143 sp=0x00000021c1ef12d0 mode 0
Event: 41.628 Thread 0x0000014afcbfa060 DEOPT PACKING pc=0x0000014a9a0faf0f sp=0x00000021c1eefc40
Event: 41.628 Thread 0x0000014afcbfa060 DEOPT UNPACKING pc=0x0000014aa0f47143 sp=0x00000021c1eef0d0 mode 0
Event: 41.698 Thread 0x0000014afcbfa060 DEOPT PACKING pc=0x0000014a99fff5e6 sp=0x00000021c1ef34f0
Event: 41.698 Thread 0x0000014afcbfa060 DEOPT UNPACKING pc=0x0000014aa0f47143 sp=0x00000021c1ef29b8 mode 0

Classes loaded (20 events):
Event: 38.785 Loading class java/util/LinkedHashMapCustomizer
Event: 38.785 Loading class java/util/LinkedHashMapCustomizer done
Event: 38.785 Loading class java/util/LinkedHashMapCustomizer
Event: 38.785 Loading class java/util/LinkedHashMapCustomizer done
Event: 38.827 Loading class jdk/internal/loader/URLClassPath$JarLoader$3
Event: 38.827 Loading class jdk/internal/loader/URLClassPath$JarLoader$3 done
Event: 39.215 Loading class java/util/LinkedList$LLSpliterator
Event: 39.224 Loading class java/util/LinkedList$LLSpliterator done
Event: 40.750 Loading class java/io/NotSerializableException
Event: 40.750 Loading class java/io/NotSerializableException done
Event: 40.817 Loading class sun/reflect/annotation/TypeAnnotationParser
Event: 40.817 Loading class sun/reflect/annotation/TypeAnnotationParser done
Event: 40.817 Loading class sun/reflect/annotation/TypeAnnotation
Event: 40.817 Loading class sun/reflect/annotation/TypeAnnotation done
Event: 40.817 Loading class sun/reflect/annotation/TypeAnnotation$TypeAnnotationTarget
Event: 40.817 Loading class sun/reflect/annotation/TypeAnnotation$TypeAnnotationTarget done
Event: 41.125 Loading class java/beans/IntrospectionException
Event: 41.125 Loading class java/beans/IntrospectionException done
Event: 41.740 Loading class jdk/internal/reflect/UnsafeQualifiedIntegerFieldAccessorImpl
Event: 41.740 Loading class jdk/internal/reflect/UnsafeQualifiedIntegerFieldAccessorImpl done

Classes unloaded (0 events):
No events

Classes redefined (0 events):
No events

Internal exceptions (20 events):
Event: 41.264 Thread 0x0000014afcbfa060 Exception <a 'java/lang/ClassNotFoundException'{0x000000070c549810}: com/android/builder/core/AbstractBuildTypeCustomizer> (0x000000070c549810) 
thrown [s\src\hotspot\share\classfile\systemDictionary.cpp, line 256]
Event: 41.264 Thread 0x0000014afcbfa060 Exception <a 'java/lang/ClassNotFoundException'{0x000000070c576e38}: com/android/build/gradle/internal/dsl/BuildTypeCustomizer> (0x000000070c576e38) 
thrown [s\src\hotspot\share\classfile\systemDictionary.cpp, line 256]
Event: 41.266 Thread 0x0000014afcbfa060 Exception <a 'java/lang/ClassNotFoundException'{0x000000070c204408}: com/android/build/gradle/internal/dsl/BuildType$AgpDecoratedCustomizer> (0x000000070c204408) 
thrown [s\src\hotspot\share\classfile\systemDictionary.cpp, line 256]
Event: 41.267 Thread 0x0000014afcbfa060 Exception <a 'java/lang/ClassNotFoundException'{0x000000070c25d098}: com/android/build/gradle/internal/dsl/BuildType$AgpDecorated_DecoratedCustomizer> (0x000000070c25d098) 
thrown [s\src\hotspot\share\classfile\systemDictionary.cpp, line 256]
Event: 41.609 Thread 0x0000014afcbfa060 Exception <a 'java/lang/ClassNotFoundException'{0x000000070bfa5cd8}: org/gradle/api/internal/artifacts/configurations/DefaultConfigurationContainer_DecoratedBeanInfo> (0x000000070bfa5cd8) 
thrown [s\src\hotspot\share\classfile\systemDictionary.cpp, line 256]
Event: 41.610 Thread 0x0000014afcbfa060 Exception <a 'java/lang/ClassNotFoundException'{0x000000070bfc8f18}: org/gradle/api/internal/artifacts/configurations/DefaultConfigurationContainerBeanInfo> (0x000000070bfc8f18) 
thrown [s\src\hotspot\share\classfile\systemDictionary.cpp, line 256]
Event: 41.610 Thread 0x0000014afcbfa060 Exception <a 'java/lang/ClassNotFoundException'{0x000000070bfe8968}: org/gradle/api/internal/AbstractValidatingNamedDomainObjectContainerBeanInfo> (0x000000070bfe8968) 
thrown [s\src\hotspot\share\classfile\systemDictionary.cpp, line 256]
Event: 41.611 Thread 0x0000014afcbfa060 Exception <a 'java/lang/ClassNotFoundException'{0x000000070bc08170}: org/gradle/api/internal/AbstractValidatingNamedDomainObjectContainerCustomizer> (0x000000070bc08170) 
thrown [s\src\hotspot\share\classfile\systemDictionary.cpp, line 256]
Event: 41.612 Thread 0x0000014afcbfa060 Exception <a 'java/lang/ClassNotFoundException'{0x000000070bc36090}: org/gradle/api/internal/artifacts/configurations/DefaultConfigurationContainerCustomizer> (0x000000070bc36090) 
thrown [s\src\hotspot\share\classfile\systemDictionary.cpp, line 256]
Event: 41.613 Thread 0x0000014afcbfa060 Exception <a 'java/lang/ClassNotFoundException'{0x000000070bc86478}: org/gradle/api/internal/artifacts/configurations/DefaultConfigurationContainer_DecoratedCustomizer> (0x000000070bc86478) 
thrown [s\src\hotspot\share\classfile\systemDictionary.cpp, line 256]
Event: 41.630 Thread 0x0000014afcbfa060 Exception <a 'java/lang/ClassNotFoundException'{0x000000070bb64a40}: org/gradle/api/internal/artifacts/configurations/DefaultUnlockedConfiguration_DecoratedBeanInfo> (0x000000070bb64a40) 
thrown [s\src\hotspot\share\classfile\systemDictionary.cpp, line 256]
Event: 41.640 Thread 0x0000014afcbfa060 Exception <a 'java/lang/ClassNotFoundException'{0x000000070bb87338}: org/gradle/api/internal/artifacts/configurations/DefaultUnlockedConfigurationBeanInfo> (0x000000070bb87338) 
thrown [s\src\hotspot\share\classfile\systemDictionary.cpp, line 256]
Event: 41.656 Thread 0x0000014afcbfa060 Exception <a 'java/lang/ClassNotFoundException'{0x000000070bbaa608}: org/gradle/api/internal/artifacts/configurations/DefaultConfigurationBeanInfo> (0x000000070bbaa608) 
thrown [s\src\hotspot\share\classfile\systemDictionary.cpp, line 256]
Event: 41.657 Thread 0x0000014afcbfa060 Exception <a 'java/lang/ClassNotFoundException'{0x000000070bbca068}: org/gradle/api/internal/file/AbstractFileCollectionBeanInfo> (0x000000070bbca068) 
thrown [s\src\hotspot\share\classfile\systemDictionary.cpp, line 256]
Event: 41.657 Thread 0x0000014afcbfa060 Exception <a 'java/lang/ClassNotFoundException'{0x000000070bbe97f0}: org/gradle/api/internal/file/AbstractFileCollectionCustomizer> (0x000000070bbe97f0) 
thrown [s\src\hotspot\share\classfile\systemDictionary.cpp, line 256]
Event: 41.658 Thread 0x0000014afcbfa060 Exception <a 'java/lang/ClassNotFoundException'{0x000000070b81dce0}: org/gradle/api/internal/artifacts/configurations/DefaultConfigurationCustomizer> (0x000000070b81dce0) 
thrown [s\src\hotspot\share\classfile\systemDictionary.cpp, line 256]
Event: 41.660 Thread 0x0000014afcbfa060 Exception <a 'java/lang/ClassNotFoundException'{0x000000070b896580}: org/gradle/api/internal/artifacts/configurations/DefaultUnlockedConfigurationCustomizer> (0x000000070b896580) 
thrown [s\src\hotspot\share\classfile\systemDictionary.cpp, line 256]
Event: 41.661 Thread 0x0000014afcbfa060 Exception <a 'java/lang/ClassNotFoundException'{0x000000070b8c6c98}: org/gradle/api/internal/artifacts/configurations/DefaultUnlockedConfiguration_DecoratedCustomizer> (0x000000070b8c6c98) 
thrown [s\src\hotspot\share\classfile\systemDictionary.cpp, line 256]
Event: 41.737 Thread 0x0000014afcbfa060 Exception <a 'java/lang/ClassNotFoundException'{0x000000070b716658}: build_5xpo9de2feenx569irci86tm8BeanInfo> (0x000000070b716658) 
thrown [s\src\hotspot\share\classfile\systemDictionary.cpp, line 256]
Event: 41.737 Thread 0x0000014afcbfa060 Exception <a 'java/lang/ClassNotFoundException'{0x000000070b7211a8}: build_5xpo9de2feenx569irci86tm8Customizer> (0x000000070b7211a8) 
thrown [s\src\hotspot\share\classfile\systemDictionary.cpp, line 256]

VM Operations (20 events):
Event: 39.305 Executing VM operation: ICBufferFull
Event: 39.385 Executing VM operation: ICBufferFull done
Event: 39.668 Executing VM operation: G1CollectForAllocation
Event: 39.687 Executing VM operation: G1CollectForAllocation done
Event: 39.791 Executing VM operation: G1PauseRemark
Event: 39.798 Executing VM operation: G1PauseRemark done
Event: 39.817 Executing VM operation: G1PauseCleanup
Event: 39.817 Executing VM operation: G1PauseCleanup done
Event: 39.919 Executing VM operation: G1CollectForAllocation
Event: 39.941 Executing VM operation: G1CollectForAllocation done
Event: 39.954 Executing VM operation: G1CollectForAllocation
Event: 39.957 Executing VM operation: G1CollectForAllocation done
Event: 40.202 Executing VM operation: HandshakeAllThreads
Event: 40.202 Executing VM operation: HandshakeAllThreads done
Event: 40.966 Executing VM operation: G1CollectForAllocation
Event: 40.972 Executing VM operation: G1CollectForAllocation done
Event: 41.024 Executing VM operation: G1PauseRemark
Event: 41.027 Executing VM operation: G1PauseRemark done
Event: 41.045 Executing VM operation: G1PauseCleanup
Event: 41.062 Executing VM operation: G1PauseCleanup done

Memory protections (0 events):
No events

Nmethod flushes (20 events):
Event: 35.093 Thread 0x0000014ab53c40e0 flushing  nmethod 0x0000014a9a825c10
Event: 35.093 Thread 0x0000014ab53c40e0 flushing  nmethod 0x0000014a9a826590
Event: 35.093 Thread 0x0000014ab53c40e0 flushing  nmethod 0x0000014a9a826f10
Event: 35.093 Thread 0x0000014ab53c40e0 flushing  nmethod 0x0000014a9a827290
Event: 35.093 Thread 0x0000014ab53c40e0 flushing  nmethod 0x0000014a9a8adb90
Event: 35.093 Thread 0x0000014ab53c40e0 flushing  nmethod 0x0000014a9a8c7210
Event: 35.093 Thread 0x0000014ab53c40e0 flushing  nmethod 0x0000014a9a8eae90
Event: 35.093 Thread 0x0000014ab53c40e0 flushing  nmethod 0x0000014a9a8f5890
Event: 35.093 Thread 0x0000014ab53c40e0 flushing  nmethod 0x0000014a9a8fb510
Event: 35.094 Thread 0x0000014ab53c40e0 flushing  nmethod 0x0000014a9aa10a10
Event: 35.094 Thread 0x0000014ab53c40e0 flushing  nmethod 0x0000014a9aa11e10
Event: 35.095 Thread 0x0000014ab53c40e0 flushing  nmethod 0x0000014a9aaaf810
Event: 35.095 Thread 0x0000014ab53c40e0 flushing  nmethod 0x0000014a9aab0110
Event: 35.095 Thread 0x0000014ab53c40e0 flushing  nmethod 0x0000014a9aabb310
Event: 40.204 Thread 0x0000014ab53c40e0 flushing  nmethod 0x0000014aa1930390
Event: 40.205 Thread 0x0000014ab53c40e0 flushing  nmethod 0x0000014a99a05690
Event: 40.205 Thread 0x0000014ab53c40e0 flushing  nmethod 0x0000014a99a05b10
Event: 40.207 Thread 0x0000014ab53c40e0 flushing  nmethod 0x0000014a99db0f90
Event: 40.210 Thread 0x0000014ab53c40e0 flushing  nmethod 0x0000014a9a1b5b90
Event: 40.216 Thread 0x0000014ab53c40e0 flushing  nmethod 0x0000014a9aad8910

Events (20 events):
Event: 39.575 Thread 0x0000014afcbfa060 Thread added: 0x0000014a811449a0
Event: 39.576 Thread 0x0000014afcbfa060 Thread added: 0x0000014a81142630
Event: 39.576 Thread 0x0000014afcbfa060 Thread added: 0x0000014a81144eb0
Event: 39.576 Thread 0x0000014afcbfa060 Thread added: 0x0000014a81143050
Event: 39.577 Thread 0x0000014afcbfa060 Thread added: 0x0000014a8113df50
Event: 39.580 Thread 0x0000014afcbfa060 Thread added: 0x0000014a811458d0
Event: 39.620 Thread 0x0000014afcbfa060 Thread added: 0x0000014a81bf9590
Event: 39.621 Thread 0x0000014afcbfa060 Thread added: 0x0000014a81bfc320
Event: 39.621 Thread 0x0000014afcbfa060 Thread added: 0x0000014a81bfb3f0
Event: 39.728 Thread 0x0000014afcbfa060 Thread added: 0x0000014a81bfcd40
Event: 39.728 Thread 0x0000014afcbfa060 Thread added: 0x0000014a81bfc830
Event: 39.729 Thread 0x0000014afcbfa060 Thread added: 0x0000014a81bfaee0
Event: 39.729 Thread 0x0000014afcbfa060 Thread added: 0x0000014a81bfe690
Event: 39.729 Thread 0x0000014afcbfa060 Thread added: 0x0000014a81bfe180
Event: 39.729 Thread 0x0000014afcbfa060 Thread added: 0x0000014a81bfdc70
Event: 39.730 Thread 0x0000014afcbfa060 Thread added: 0x0000014a81bfd250
Event: 39.730 Thread 0x0000014afcbfa060 Thread added: 0x0000014a81bfb900
Event: 39.730 Thread 0x0000014afcbfa060 Thread added: 0x0000014a81bf9aa0
Event: 39.731 Thread 0x0000014afcbfa060 Thread added: 0x0000014a81bfa4c0
Event: 39.732 Thread 0x0000014afcbfa060 Thread added: 0x0000014a81bf9fb0


Dynamic libraries:
0x00007ff6267d0000 - 0x00007ff6267de000 	C:\Program Files\Eclipse Adoptium\jdk-17.0.13.11-hotspot\bin\java.exe
0x00007fffa9e50000 - 0x00007fffaa048000 	C:\windows\SYSTEM32\ntdll.dll
0x00007fffa8660000 - 0x00007fffa8722000 	C:\windows\System32\KERNEL32.DLL
0x00007fffa7570000 - 0x00007fffa786e000 	C:\windows\System32\KERNELBASE.dll
0x00007fffa78e0000 - 0x00007fffa79e0000 	C:\windows\System32\ucrtbase.dll
0x00007fff673b0000 - 0x00007fff673ce000 	C:\Program Files\Eclipse Adoptium\jdk-17.0.13.11-hotspot\bin\VCRUNTIME140.dll
0x00007fff67e10000 - 0x00007fff67e27000 	C:\Program Files\Eclipse Adoptium\jdk-17.0.13.11-hotspot\bin\jli.dll
0x00007fffa8870000 - 0x00007fffa8a0d000 	C:\windows\System32\USER32.dll
0x00007fffa7540000 - 0x00007fffa7562000 	C:\windows\System32\win32u.dll
0x00007fff942b0000 - 0x00007fff9454a000 	C:\windows\WinSxS\amd64_microsoft.windows.common-controls_6595b64144ccf1df_6.0.19041.4355_none_60b8b9eb71f62e16\COMCTL32.dll
0x00007fffa9930000 - 0x00007fffa995b000 	C:\windows\System32\GDI32.dll
0x00007fffa8750000 - 0x00007fffa87ee000 	C:\windows\System32\msvcrt.dll
0x00007fffa7ab0000 - 0x00007fffa7bc7000 	C:\windows\System32\gdi32full.dll
0x00007fffa7a10000 - 0x00007fffa7aad000 	C:\windows\System32\msvcp_win.dll
0x00007fffa8e50000 - 0x00007fffa8e7f000 	C:\windows\System32\IMM32.DLL
0x00007fff76c40000 - 0x00007fff76c4c000 	C:\Program Files\Eclipse Adoptium\jdk-17.0.13.11-hotspot\bin\vcruntime140_1.dll
0x00007fff4a690000 - 0x00007fff4a71d000 	C:\Program Files\Eclipse Adoptium\jdk-17.0.13.11-hotspot\bin\msvcp140.dll
0x00007ffec4eb0000 - 0x00007ffec5b1b000 	C:\Program Files\Eclipse Adoptium\jdk-17.0.13.11-hotspot\bin\server\jvm.dll
0x00007fffa8f80000 - 0x00007fffa9031000 	C:\windows\System32\ADVAPI32.dll
0x00007fffa8ee0000 - 0x00007fffa8f7f000 	C:\windows\System32\sechost.dll
0x00007fffa9aa0000 - 0x00007fffa9bc3000 	C:\windows\System32\RPCRT4.dll
0x00007fffa79e0000 - 0x00007fffa7a07000 	C:\windows\System32\bcrypt.dll
0x00007fffa9960000 - 0x00007fffa99cb000 	C:\windows\System32\WS2_32.dll
0x00007fffa6a80000 - 0x00007fffa6acb000 	C:\windows\SYSTEM32\POWRPROF.dll
0x00007fff9e380000 - 0x00007fff9e38a000 	C:\windows\SYSTEM32\VERSION.dll
0x00007fff9ce40000 - 0x00007fff9ce67000 	C:\windows\SYSTEM32\WINMM.dll
0x00007fffa68f0000 - 0x00007fffa6902000 	C:\windows\SYSTEM32\UMPDC.dll
0x00007fffa5370000 - 0x00007fffa5382000 	C:\windows\SYSTEM32\kernel.appcore.dll
0x00007fff76af0000 - 0x00007fff76afa000 	C:\Program Files\Eclipse Adoptium\jdk-17.0.13.11-hotspot\bin\jimage.dll
0x00007fff9b600000 - 0x00007fff9b7e4000 	C:\windows\SYSTEM32\DBGHELP.DLL
0x00007fff8db00000 - 0x00007fff8db34000 	C:\windows\SYSTEM32\dbgcore.DLL
0x00007fffa7bd0000 - 0x00007fffa7c52000 	C:\windows\System32\bcryptPrimitives.dll
0x00007fff766e0000 - 0x00007fff766ee000 	C:\Program Files\Eclipse Adoptium\jdk-17.0.13.11-hotspot\bin\instrument.dll
0x00007fff5dab0000 - 0x00007fff5dad5000 	C:\Program Files\Eclipse Adoptium\jdk-17.0.13.11-hotspot\bin\java.dll
0x00007fff49140000 - 0x00007fff49217000 	C:\Program Files\Eclipse Adoptium\jdk-17.0.13.11-hotspot\bin\jsvml.dll
0x00007fffa7e90000 - 0x00007fffa85fd000 	C:\windows\System32\SHELL32.dll
0x00007fffa5570000 - 0x00007fffa5d14000 	C:\windows\SYSTEM32\windows.storage.dll
0x00007fffa8af0000 - 0x00007fffa8e43000 	C:\windows\System32\combase.dll
0x00007fffa6f20000 - 0x00007fffa6f4e000 	C:\windows\SYSTEM32\Wldp.dll
0x00007fffa99d0000 - 0x00007fffa9a9d000 	C:\windows\System32\OLEAUT32.dll
0x00007fffa9040000 - 0x00007fffa90ed000 	C:\windows\System32\SHCORE.dll
0x00007fffa8600000 - 0x00007fffa8655000 	C:\windows\System32\shlwapi.dll
0x00007fffa7420000 - 0x00007fffa7444000 	C:\windows\SYSTEM32\profapi.dll
0x00007fff64360000 - 0x00007fff64378000 	C:\Program Files\Eclipse Adoptium\jdk-17.0.13.11-hotspot\bin\zip.dll
0x00007fff63680000 - 0x00007fff63699000 	C:\Program Files\Eclipse Adoptium\jdk-17.0.13.11-hotspot\bin\net.dll
0x00007fff9fe70000 - 0x00007fff9ff7d000 	C:\windows\SYSTEM32\WINHTTP.dll
0x00007fffa6c80000 - 0x00007fffa6cea000 	C:\windows\system32\mswsock.dll
0x00007fff5da90000 - 0x00007fff5daa6000 	C:\Program Files\Eclipse Adoptium\jdk-17.0.13.11-hotspot\bin\nio.dll
0x00007fff73370000 - 0x00007fff73380000 	C:\Program Files\Eclipse Adoptium\jdk-17.0.13.11-hotspot\bin\verify.dll
0x00007fff8d340000 - 0x00007fff8d367000 	C:\Users\rishi\.gradle\native\c067742578af261105cb4f569cf0c3c89f3d7b1fecec35dd04571415982c5e48\windows-amd64\native-platform.dll
0x00007fff597d0000 - 0x00007fff59914000 	C:\Users\rishi\.gradle\native\100fb08df4bc3b14c8652ba06237920a3bd2aa13389f12d3474272988ae205f9\windows-amd64\native-platform-file-events.dll
0x00007fff64fa0000 - 0x00007fff64faa000 	C:\Program Files\Eclipse Adoptium\jdk-17.0.13.11-hotspot\bin\management.dll
0x00007fff63fb0000 - 0x00007fff63fbb000 	C:\Program Files\Eclipse Adoptium\jdk-17.0.13.11-hotspot\bin\management_ext.dll
0x00007fffa8740000 - 0x00007fffa8748000 	C:\windows\System32\PSAPI.DLL
0x00007fffa6e70000 - 0x00007fffa6e88000 	C:\windows\SYSTEM32\CRYPTSP.dll
0x00007fffa6530000 - 0x00007fffa6564000 	C:\windows\system32\rsaenh.dll
0x00007fffa73a0000 - 0x00007fffa73ce000 	C:\windows\SYSTEM32\USERENV.dll
0x00007fffa6e90000 - 0x00007fffa6e9c000 	C:\windows\SYSTEM32\CRYPTBASE.dll
0x00007fffa6910000 - 0x00007fffa694b000 	C:\windows\SYSTEM32\IPHLPAPI.DLL
0x00007fffa8730000 - 0x00007fffa8738000 	C:\windows\System32\NSI.dll
0x00007fffa1dd0000 - 0x00007fffa1de7000 	C:\windows\SYSTEM32\dhcpcsvc6.DLL
0x00007fffa2240000 - 0x00007fffa225d000 	C:\windows\SYSTEM32\dhcpcsvc.DLL
0x00007fffa6960000 - 0x00007fffa6a2a000 	C:\windows\SYSTEM32\DNSAPI.dll
0x00007fff639f0000 - 0x00007fff639f9000 	C:\Program Files\Eclipse Adoptium\jdk-17.0.13.11-hotspot\bin\extnet.dll
0x00007fff654a0000 - 0x00007fff654ae000 	C:\Program Files\Eclipse Adoptium\jdk-17.0.13.11-hotspot\bin\sunmscapi.dll
0x00007fffa7d10000 - 0x00007fffa7e6c000 	C:\windows\System32\CRYPT32.dll
0x00007fffa6f90000 - 0x00007fffa6fb7000 	C:\windows\SYSTEM32\ncrypt.dll
0x00007fffa6f50000 - 0x00007fffa6f8b000 	C:\windows\SYSTEM32\NTASN1.dll
0x00007fff49ee0000 - 0x00007fff49ee7000 	C:\windows\system32\wshunix.dll

dbghelp: loaded successfully - version: 4.0.5 - missing functions: none
symbol engine: initialized successfully - sym options: 0x614 - pdb path: .;C:\Program Files\Eclipse Adoptium\jdk-17.0.13.11-hotspot\bin;C:\windows\SYSTEM32;C:\windows\WinSxS\amd64_microsoft.windows.common-controls_6595b64144ccf1df_6.0.19041.4355_none_60b8b9eb71f62e16;C:\Program Files\Eclipse Adoptium\jdk-17.0.13.11-hotspot\bin\server;C:\Users\rishi\.gradle\native\c067742578af261105cb4f569cf0c3c89f3d7b1fecec35dd04571415982c5e48\windows-amd64;C:\Users\rishi\.gradle\native\100fb08df4bc3b14c8652ba06237920a3bd2aa13389f12d3474272988ae205f9\windows-amd64

VM Arguments:
jvm_args: -XX:MaxMetaspaceSize=2G -XX:+HeapDumpOnOutOfMemoryError --add-opens=java.base/java.util=ALL-UNNAMED --add-opens=java.base/java.lang=ALL-UNNAMED --add-opens=java.base/java.lang.invoke=ALL-UNNAMED --add-opens=java.prefs/java.util.prefs=ALL-UNNAMED --add-exports=jdk.compiler/com.sun.tools.javac.api=ALL-UNNAMED --add-exports=jdk.compiler/com.sun.tools.javac.util=ALL-UNNAMED --add-opens=java.base/java.nio.charset=ALL-UNNAMED --add-opens=java.base/java.net=ALL-UNNAMED --add-opens=java.base/java.util.concurrent.atomic=ALL-UNNAMED -Xmx4G -Dfile.encoding=utf8 -Duser.country=IN -Duser.language=en -Duser.variant -javaagent:C:\Users\rishi\.gradle\wrapper\dists\gradle-8.10.2-all\7iv73wktx1xtkvlq19urqw1wm\gradle-8.10.2\lib\agents\gradle-instrumentation-agent-8.10.2.jar 
java_command: org.gradle.launcher.daemon.bootstrap.GradleDaemon 8.10.2
java_class_path (initial): C:\Users\rishi\.gradle\wrapper\dists\gradle-8.10.2-all\7iv73wktx1xtkvlq19urqw1wm\gradle-8.10.2\lib\gradle-daemon-main-8.10.2.jar
Launcher Type: SUN_STANDARD

[Global flags]
     intx CICompilerCount                          = 4                                         {product} {ergonomic}
     uint ConcGCThreads                            = 3                                         {product} {ergonomic}
     uint G1ConcRefinementThreads                  = 10                                        {product} {ergonomic}
   size_t G1HeapRegionSize                         = 2097152                                   {product} {ergonomic}
    uintx GCDrainStackTargetSize                   = 64                                        {product} {ergonomic}
     bool HeapDumpOnOutOfMemoryError               = true                                   {manageable} {command line}
   size_t InitialHeapSize                          = 123731968                                 {product} {ergonomic}
   size_t MarkStackSize                            = 4194304                                   {product} {ergonomic}
   size_t MaxHeapSize                              = 4294967296                                {product} {command line}
   size_t MaxMetaspaceSize                         = 2147483648                                {product} {command line}
   size_t MaxNewSize                               = 2575302656                                {product} {ergonomic}
   size_t MinHeapDeltaBytes                        = 2097152                                   {product} {ergonomic}
   size_t MinHeapSize                              = 8388608                                   {product} {ergonomic}
    uintx NonNMethodCodeHeapSize                   = 5839372                                {pd product} {ergonomic}
    uintx NonProfiledCodeHeapSize                  = 122909434                              {pd product} {ergonomic}
    uintx ProfiledCodeHeapSize                     = 122909434                              {pd product} {ergonomic}
    uintx ReservedCodeCacheSize                    = 251658240                              {pd product} {ergonomic}
     bool SegmentedCodeCache                       = true                                      {product} {ergonomic}
   size_t SoftMaxHeapSize                          = 4294967296                             {manageable} {ergonomic}
     bool UseCompressedClassPointers               = true                           {product lp64_product} {ergonomic}
     bool UseCompressedOops                        = true                           {product lp64_product} {ergonomic}
     bool UseG1GC                                  = true                                      {product} {ergonomic}
     bool UseLargePagesIndividualAllocation        = false                                  {pd product} {ergonomic}

Logging:
Log output configuration:
 #0: stdout all=warning uptime,level,tags
 #1: stderr all=off uptime,level,tags

Environment Variables:
JAVA_HOME=C:\Program Files\Eclipse Adoptium\jdk-17.0.13.11-hotspot
PATH=C:\Program Files\Eclipse Adoptium\jdk-17.0.13.11-hotspot;C:\Users\rishi\AppData\Local\Programs\Python\Python38\;C:\Users\rishi\AppData\Local\Programs\Python\Python38\Scripts;C:\Users\rishi\Downloads\chromedriver-win64\chromedriver-win64\chromedriver.exe;C:\Users\rishi\AppData\Local\Programs\Microsoft VS Code\bin;C:\Program Files\Eclipse Adoptium\jdk-17.0.13.11-hotspot;C:\Windows\System32;C:\Users\rishi\Downloads\flutter_windows_3.27.1-stable\flutter\bin;C:\Windows\System32\WindowsPowerShell\v1.0;C:\Program Files\Eclipse Adoptium\jdk-17.0.13.11-hotspot\bin;
USERNAME=rishi
OS=Windows_NT
PROCESSOR_IDENTIFIER=AMD64 Family 25 Model 80 Stepping 0, AuthenticAMD
TMP=C:\windows\TEMP
TEMP=C:\Users\rishi\AppData\Local\Temp



Periodic native trim disabled


---------------  S Y S T E M  ---------------

OS:
 Windows 10 , 64 bit Build 19041 (10.0.19041.5198)
OS uptime: 0 days 18:06 hours

CPU: total 12 (initial active 12) (12 cores per cpu, 2 threads per core) family 25 model 80 stepping 0 microcode 0x0, cx8, cmov, fxsr, ht, mmx, 3dnowpref, sse, sse2, sse3, ssse3, sse4a, sse4.1, sse4.2, popcnt, lzcnt, tsc, tscinvbit, avx, avx2, aes, erms, clmul, bmi1, bmi2, adx, sha, fma, vzeroupper, clflush, clflushopt
Processor Information for all 12 processors :
  Max Mhz: 3301, Current Mhz: 3301, Mhz Limit: 3301

Memory: 4k page, system-wide physical 7524M (428M free)
TotalPageFile size 31076M (AvailPageFile size 3M)
current process WorkingSet (physical memory assigned to process): 390M, peak: 390M
current process commit charge ("private bytes"): 534M, peak: 534M

vm_info: OpenJDK 64-Bit Server VM (17.0.13+11) for windows-amd64 JRE (17.0.13+11), built on Oct 16 2024 00:10:08 by "admin" with MS VC++ 17.7 (VS2022)

END.
